{"message":"undefined - API Server Start At Port 3000","level":"info","timestamp":"2021-05-26 06:47:30"}
{"message":"undefined - API Server Start At Port 3000","level":"info","timestamp":"2021-05-26 07:19:39"}
{"message":"undefined - API Server Start At Port 3000","level":"info","timestamp":"2021-05-26 07:20:34"}
{"message":"undefined - API Server Start At Port 3000","level":"info","timestamp":"2021-05-26 07:21:47"}
{"message":"undefined - API Server Start At Port 3000","level":"info","timestamp":"2021-05-26 07:31:54"}
{"message":"undefined - API Server Start At Port 3000","level":"info","timestamp":"2021-05-26 07:39:26"}
{"message":"undefined - API Server Start At Port 3000","level":"info","timestamp":"2021-05-26 07:45:50"}
{"message":"undefined - API Server Start At Port 3000","level":"info","timestamp":"2021-05-26 07:46:14"}
{"message":"undefined - API Server Start At Port 3000","level":"info","timestamp":"2021-05-26 07:46:28"}
{"message":"undefined - API Server Start At Port 3000","level":"info","timestamp":"2021-05-26 07:46:42"}
{"message":"undefined - API Server Start At Port 3000","level":"info","timestamp":"2021-05-26 07:47:23"}
{"message":"undefined - API Server Start At Port 3000","level":"info","timestamp":"2021-05-26 07:48:02"}
{"message":"undefined - API Server Start At Port 3000","level":"info","timestamp":"2021-05-26 07:49:00"}
{"message":"undefined - API Server Start At Port 3000","level":"info","timestamp":"2021-05-26 07:49:23"}
{"message":"undefined - API Server Start At Port 3000","level":"info","timestamp":"2021-05-26 07:57:29"}
{"message":"undefined - API Server Start At Port 3000","level":"info","timestamp":"2021-05-26 08:03:44"}
{"message":"undefined - API Server Start At Port 3000","level":"info","timestamp":"2021-05-26 08:06:55"}
{"message":"undefined - API Server Start At Port 3000","level":"info","timestamp":"2021-05-26 08:19:51"}
{"message":"undefined - API Server Start At Port 3000","level":"info","timestamp":"2021-05-26 08:24:45"}
{"message":"undefined - API Server Start At Port 3000","level":"info","timestamp":"2021-05-26 08:26:56"}
{"message":"undefined - API Server Start At Port 3000","level":"info","timestamp":"2021-05-26 08:27:36"}
{"message":"undefined - API Server Start At Port 3000","level":"info","timestamp":"2021-05-26 08:28:13"}
{"message":"undefined - API Server Start At Port 3000","level":"info","timestamp":"2021-05-26 08:29:20"}
{"message":"undefined - API Server Start At Port 3000","level":"info","timestamp":"2021-05-26 08:44:00"}
{"message":"App - editProfile Service error\n: You have an error in your SQL syntax; check the manual that corresponds to your MySQL server version for the right syntax to use near 'WHERE idx = 12' at line 6","level":"error","timestamp":"2021-05-26 08:44:06"}
{"message":"undefined - API Server Start At Port 3000","level":"info","timestamp":"2021-05-26 08:44:29"}
{"message":"undefined - API Server Start At Port 3000","level":"info","timestamp":"2021-05-26 08:48:30"}
{"message":"undefined - API Server Start At Port 3000","level":"info","timestamp":"2021-05-26 00:00:18"}
{"message":"undefined - API Server Start At Port 3000","level":"info","timestamp":"2021-05-26 00:00:41"}
{"message":"undefined - API Server Start At Port 3000","level":"info","timestamp":"2021-05-26 00:01:07"}
{"message":"undefined - API Server Start At Port 3000","level":"info","timestamp":"2021-05-26 00:01:31"}
{"message":"undefined - API Server Start At Port 3000","level":"info","timestamp":"2021-05-26 00:01:34"}
{"message":"undefined - API Server Start At Port 3000","level":"info","timestamp":"2021-05-26 00:01:58"}
{"message":"undefined - API Server Start At Port 3000","level":"info","timestamp":"2021-05-26 00:02:57"}
{"message":"undefined - API Server Start At Port 3000","level":"info","timestamp":"2021-05-26 00:03:12"}
{"message":"undefined - API Server Start At Port 3000","level":"info","timestamp":"2021-05-26 00:03:15"}
{"message":"undefined - API Server Start At Port 3000","level":"info","timestamp":"2021-05-26 00:03:39"}
{"message":"undefined - API Server Start At Port 3000","level":"info","timestamp":"2021-05-26 00:04:22"}
{"message":"undefined - API Server Start At Port 3000","level":"info","timestamp":"2021-05-26 00:05:16"}
{"message":"undefined - API Server Start At Port 3000","level":"info","timestamp":"2021-05-26 00:05:30"}
{"message":"undefined - API Server Start At Port 3000","level":"info","timestamp":"2021-05-26 00:05:42"}
{"message":"undefined - API Server Start At Port 3000","level":"info","timestamp":"2021-05-26 00:06:22"}
{"message":"undefined - API Server Start At Port 3000","level":"info","timestamp":"2021-05-26 00:06:26"}
{"message":"undefined - API Server Start At Port 3000","level":"info","timestamp":"2021-05-26 00:06:37"}
{"message":"undefined - API Server Start At Port 3000","level":"info","timestamp":"2021-05-26 00:06:53"}
{"message":"undefined - API Server Start At Port 3000","level":"info","timestamp":"2021-05-26 00:07:18"}
{"message":"undefined - API Server Start At Port 3000","level":"info","timestamp":"2021-05-26 00:07:47"}
{"message":"undefined - API Server Start At Port 3000","level":"info","timestamp":"2021-05-26 00:07:55"}
{"message":"undefined - API Server Start At Port 3000","level":"info","timestamp":"2021-05-26 00:08:59"}
{"message":"undefined - API Server Start At Port 3000","level":"info","timestamp":"2021-05-26 00:09:06"}
{"message":"undefined - API Server Start At Port 3000","level":"info","timestamp":"2021-05-26 00:09:14"}
{"message":"undefined - API Server Start At Port 3000","level":"info","timestamp":"2021-05-26 00:29:24"}
{"message":"undefined - API Server Start At Port 3000","level":"info","timestamp":"2021-05-26 00:29:30"}
{"message":"undefined - API Server Start At Port 3000","level":"info","timestamp":"2021-05-26 00:29:44"}
{"message":"undefined - API Server Start At Port 3000","level":"info","timestamp":"2021-05-26 00:33:27"}
{"message":"undefined - API Server Start At Port 3000","level":"info","timestamp":"2021-05-26 00:33:30"}
{"message":"undefined - API Server Start At Port 3000","level":"info","timestamp":"2021-05-26 00:33:43"}
{"message":"undefined - API Server Start At Port 3000","level":"info","timestamp":"2021-05-26 00:34:32"}
{"message":"undefined - API Server Start At Port 3000","level":"info","timestamp":"2021-05-26 00:34:53"}
{"message":"undefined - API Server Start At Port 3000","level":"info","timestamp":"2021-05-26 00:35:00"}
{"message":"undefined - API Server Start At Port 3000","level":"info","timestamp":"2021-05-26 00:35:10"}
{"message":"undefined - API Server Start At Port 3000","level":"info","timestamp":"2021-05-26 00:35:20"}
{"message":"undefined - API Server Start At Port 3000","level":"info","timestamp":"2021-05-26 00:46:29"}
{"message":"undefined - API Server Start At Port 3000","level":"info","timestamp":"2021-05-26 00:46:46"}
{"message":"undefined - API Server Start At Port 3000","level":"info","timestamp":"2021-05-26 00:47:17"}
{"message":"undefined - API Server Start At Port 3000","level":"info","timestamp":"2021-05-26 00:47:25"}
{"message":"undefined - API Server Start At Port 3000","level":"info","timestamp":"2021-05-26 00:47:47"}
{"message":"undefined - API Server Start At Port 3000","level":"info","timestamp":"2021-05-26 00:48:08"}
{"message":"undefined - API Server Start At Port 3000","level":"info","timestamp":"2021-05-26 00:48:33"}
{"message":"undefined - API Server Start At Port 3000","level":"info","timestamp":"2021-05-26 00:49:15"}
{"message":"undefined - API Server Start At Port 3000","level":"info","timestamp":"2021-05-26 00:49:40"}
{"message":"undefined - API Server Start At Port 3000","level":"info","timestamp":"2021-05-26 00:52:17"}
{"message":"undefined - API Server Start At Port 3000","level":"info","timestamp":"2021-05-26 00:52:26"}
{"message":"undefined - API Server Start At Port 3000","level":"info","timestamp":"2021-05-26 00:55:00"}
{"message":"undefined - API Server Start At Port 3000","level":"info","timestamp":"2021-05-26 00:55:42"}
{"message":"undefined - API Server Start At Port 3000","level":"info","timestamp":"2021-05-26 00:56:00"}
{"message":"undefined - API Server Start At Port 3000","level":"info","timestamp":"2021-05-26 00:56:10"}
{"message":"undefined - API Server Start At Port 3000","level":"info","timestamp":"2021-05-26 00:57:16"}
{"message":"undefined - API Server Start At Port 3000","level":"info","timestamp":"2021-05-26 00:58:27"}
{"message":"undefined - API Server Start At Port 3000","level":"info","timestamp":"2021-05-26 01:00:00"}
{"message":"undefined - API Server Start At Port 3000","level":"info","timestamp":"2021-05-26 01:00:06"}
{"message":"undefined - API Server Start At Port 3000","level":"info","timestamp":"2021-05-26 01:00:15"}
{"message":"undefined - API Server Start At Port 3000","level":"info","timestamp":"2021-05-26 01:00:26"}
{"message":"undefined - API Server Start At Port 3000","level":"info","timestamp":"2021-05-26 01:01:41"}
{"message":"undefined - API Server Start At Port 3000","level":"info","timestamp":"2021-05-26 01:02:04"}
{"message":"undefined - API Server Start At Port 3000","level":"info","timestamp":"2021-05-26 01:02:10"}
{"message":"undefined - API Server Start At Port 3000","level":"info","timestamp":"2021-05-26 01:03:03"}
{"message":"undefined - API Server Start At Port 3000","level":"info","timestamp":"2021-05-26 01:03:22"}
{"message":"undefined - API Server Start At Port 3000","level":"info","timestamp":"2021-05-26 01:04:53"}
{"message":"undefined - API Server Start At Port 3000","level":"info","timestamp":"2021-05-26 01:05:25"}
{"message":"undefined - API Server Start At Port 3000","level":"info","timestamp":"2021-05-26 01:06:43"}
{"message":"undefined - API Server Start At Port 3000","level":"info","timestamp":"2021-05-26 01:07:09"}
{"message":"undefined - API Server Start At Port 3000","level":"info","timestamp":"2021-05-26 01:07:16"}
{"message":"undefined - API Server Start At Port 3000","level":"info","timestamp":"2021-05-26 01:07:38"}
{"message":"undefined - API Server Start At Port 3000","level":"info","timestamp":"2021-05-26 01:07:40"}
{"message":"undefined - API Server Start At Port 3000","level":"info","timestamp":"2021-05-26 01:10:02"}
{"message":"undefined - API Server Start At Port 3000","level":"info","timestamp":"2021-05-26 01:10:10"}
{"message":"undefined - API Server Start At Port 3000","level":"info","timestamp":"2021-05-26 01:10:45"}
{"message":"undefined - API Server Start At Port 3000","level":"info","timestamp":"2021-05-26 01:10:51"}
{"message":"undefined - API Server Start At Port 3000","level":"info","timestamp":"2021-05-26 01:10:53"}
{"message":"App - insertRoomWishLists Service error\n: Cannot read property 'insertId' of undefined","level":"error","timestamp":"2021-05-26 01:12:21"}
{"message":"undefined - API Server Start At Port 3000","level":"info","timestamp":"2021-05-26 01:12:53"}
{"message":"undefined - API Server Start At Port 3000","level":"info","timestamp":"2021-05-26 01:14:02"}
{"message":"undefined - API Server Start At Port 3000","level":"info","timestamp":"2021-05-26 01:15:38"}
{"message":"undefined - API Server Start At Port 3000","level":"info","timestamp":"2021-05-26 01:17:45"}
{"message":"undefined - API Server Start At Port 3000","level":"info","timestamp":"2021-05-26 01:22:52"}
{"message":"undefined - API Server Start At Port 3000","level":"info","timestamp":"2021-05-26 01:23:04"}
{"message":"undefined - API Server Start At Port 3000","level":"info","timestamp":"2021-05-26 01:23:33"}
{"message":"undefined - API Server Start At Port 3000","level":"info","timestamp":"2021-05-26 01:27:27"}
{"message":"undefined - API Server Start At Port 3000","level":"info","timestamp":"2021-05-26 01:27:32"}
{"message":"undefined - API Server Start At Port 3000","level":"info","timestamp":"2021-05-26 01:27:44"}
{"message":"undefined - API Server Start At Port 3000","level":"info","timestamp":"2021-05-26 01:28:18"}
{"message":"undefined - API Server Start At Port 3000","level":"info","timestamp":"2021-05-26 01:28:28"}
{"message":"undefined - API Server Start At Port 3000","level":"info","timestamp":"2021-05-26 01:29:05"}
{"message":"undefined - API Server Start At Port 3000","level":"info","timestamp":"2021-05-26 01:29:15"}
{"message":"undefined - API Server Start At Port 3000","level":"info","timestamp":"2021-05-26 01:29:38"}
{"message":"undefined - API Server Start At Port 3000","level":"info","timestamp":"2021-05-26 01:30:07"}
{"message":"undefined - API Server Start At Port 3000","level":"info","timestamp":"2021-05-26 01:30:31"}
{"message":"undefined - API Server Start At Port 3000","level":"info","timestamp":"2021-05-26 01:31:13"}
{"message":"undefined - API Server Start At Port 3000","level":"info","timestamp":"2021-05-26 01:31:46"}
{"message":"undefined - API Server Start At Port 3000","level":"info","timestamp":"2021-05-26 01:32:48"}
{"message":"undefined - API Server Start At Port 3000","level":"info","timestamp":"2021-05-26 01:32:57"}
{"message":"undefined - API Server Start At Port 3000","level":"info","timestamp":"2021-05-26 01:38:08"}
{"message":"undefined - API Server Start At Port 3000","level":"info","timestamp":"2021-05-26 01:38:15"}
{"message":"undefined - API Server Start At Port 3000","level":"info","timestamp":"2021-05-26 01:38:37"}
{"message":"undefined - API Server Start At Port 3000","level":"info","timestamp":"2021-05-26 01:38:51"}
{"message":"undefined - API Server Start At Port 3000","level":"info","timestamp":"2021-05-26 01:39:14"}
{"message":"undefined - API Server Start At Port 3000","level":"info","timestamp":"2021-05-26 01:39:26"}
{"message":"undefined - API Server Start At Port 3000","level":"info","timestamp":"2021-05-26 01:41:16"}
{"message":"undefined - API Server Start At Port 3000","level":"info","timestamp":"2021-05-26 01:41:52"}
{"message":"undefined - API Server Start At Port 3000","level":"info","timestamp":"2021-05-26 01:42:29"}
{"message":"undefined - API Server Start At Port 3000","level":"info","timestamp":"2021-05-26 01:42:47"}
{"message":"undefined - API Server Start At Port 3000","level":"info","timestamp":"2021-05-26 01:45:43"}
{"message":"undefined - API Server Start At Port 3000","level":"info","timestamp":"2021-05-26 01:46:31"}
{"message":"undefined - API Server Start At Port 3000","level":"info","timestamp":"2021-05-26 01:46:53"}
{"message":"undefined - API Server Start At Port 3000","level":"info","timestamp":"2021-05-26 01:47:03"}
{"message":"undefined - API Server Start At Port 3000","level":"info","timestamp":"2021-05-26 01:47:29"}
{"message":"undefined - API Server Start At Port 3000","level":"info","timestamp":"2021-05-26 01:49:29"}
{"message":"undefined - API Server Start At Port 3000","level":"info","timestamp":"2021-05-26 01:50:26"}
{"message":"undefined - API Server Start At Port 3000","level":"info","timestamp":"2021-05-26 01:50:29"}
{"message":"undefined - API Server Start At Port 3000","level":"info","timestamp":"2021-05-26 01:50:35"}
{"message":"undefined - API Server Start At Port 3000","level":"info","timestamp":"2021-05-26 01:50:46"}
{"message":"undefined - API Server Start At Port 3000","level":"info","timestamp":"2021-05-26 01:52:05"}
{"message":"undefined - API Server Start At Port 3000","level":"info","timestamp":"2021-05-26 01:52:16"}
{"message":"undefined - API Server Start At Port 3000","level":"info","timestamp":"2021-05-26 01:52:23"}
{"message":"undefined - API Server Start At Port 3000","level":"info","timestamp":"2021-05-26 01:53:00"}
{"message":"undefined - API Server Start At Port 3000","level":"info","timestamp":"2021-05-26 01:53:13"}
{"message":"undefined - API Server Start At Port 3000","level":"info","timestamp":"2021-05-26 01:53:26"}
{"message":"undefined - API Server Start At Port 3000","level":"info","timestamp":"2021-05-26 01:53:34"}
{"message":"undefined - API Server Start At Port 3000","level":"info","timestamp":"2021-05-26 01:53:40"}
{"message":"undefined - API Server Start At Port 3000","level":"info","timestamp":"2021-05-26 01:53:45"}
{"message":"undefined - API Server Start At Port 3000","level":"info","timestamp":"2021-05-26 01:54:02"}
{"message":"undefined - API Server Start At Port 3000","level":"info","timestamp":"2021-05-26 01:54:21"}
{"message":"undefined - API Server Start At Port 3000","level":"info","timestamp":"2021-05-26 01:54:35"}
{"message":"undefined - API Server Start At Port 3000","level":"info","timestamp":"2021-05-26 01:54:50"}
{"message":"undefined - API Server Start At Port 3000","level":"info","timestamp":"2021-05-26 01:55:10"}
{"message":"undefined - API Server Start At Port 3000","level":"info","timestamp":"2021-05-26 01:55:35"}
{"message":"undefined - API Server Start At Port 3000","level":"info","timestamp":"2021-05-26 01:55:41"}
{"message":"undefined - API Server Start At Port 3000","level":"info","timestamp":"2021-05-26 01:55:49"}
{"message":"undefined - API Server Start At Port 3000","level":"info","timestamp":"2021-05-26 01:55:54"}
{"message":"undefined - API Server Start At Port 3000","level":"info","timestamp":"2021-05-26 01:59:37"}
{"message":"undefined - API Server Start At Port 3000","level":"info","timestamp":"2021-05-26 02:01:39"}
{"message":"undefined - API Server Start At Port 3000","level":"info","timestamp":"2021-05-26 02:01:52"}
{"message":"undefined - API Server Start At Port 3000","level":"info","timestamp":"2021-05-26 02:03:55"}
{"message":"undefined - API Server Start At Port 3000","level":"info","timestamp":"2021-05-26 02:04:59"}
{"message":"undefined - API Server Start At Port 3000","level":"info","timestamp":"2021-05-26 02:05:00"}
{"message":"undefined - API Server Start At Port 3000","level":"info","timestamp":"2021-05-26 02:07:45"}
{"message":"undefined - API Server Start At Port 3000","level":"info","timestamp":"2021-05-26 02:08:38"}
{"message":"undefined - API Server Start At Port 3000","level":"info","timestamp":"2021-05-26 02:08:40"}
{"message":"undefined - API Server Start At Port 3000","level":"info","timestamp":"2021-05-26 02:09:26"}
{"message":"undefined - API Server Start At Port 3000","level":"info","timestamp":"2021-05-26 02:09:32"}
{"message":"undefined - API Server Start At Port 3000","level":"info","timestamp":"2021-05-26 02:09:35"}
{"message":"undefined - API Server Start At Port 3000","level":"info","timestamp":"2021-05-26 02:10:38"}
{"message":"undefined - API Server Start At Port 3000","level":"info","timestamp":"2021-05-26 02:10:51"}
{"message":"undefined - API Server Start At Port 3000","level":"info","timestamp":"2021-05-26 02:11:36"}
{"message":"undefined - API Server Start At Port 3000","level":"info","timestamp":"2021-05-26 02:13:21"}
{"message":"undefined - API Server Start At Port 3000","level":"info","timestamp":"2021-05-26 02:13:27"}
{"message":"undefined - API Server Start At Port 3000","level":"info","timestamp":"2021-05-26 02:13:54"}
{"message":"undefined - API Server Start At Port 3000","level":"info","timestamp":"2021-05-26 02:14:27"}
{"message":"undefined - API Server Start At Port 3000","level":"info","timestamp":"2021-05-26 02:14:50"}
{"message":"undefined - API Server Start At Port 3000","level":"info","timestamp":"2021-05-26 02:14:55"}
{"message":"undefined - API Server Start At Port 3000","level":"info","timestamp":"2021-05-26 02:15:05"}
{"message":"undefined - API Server Start At Port 3000","level":"info","timestamp":"2021-05-26 02:15:39"}
{"message":"undefined - API Server Start At Port 3000","level":"info","timestamp":"2021-05-26 02:16:30"}
{"message":"undefined - API Server Start At Port 3000","level":"info","timestamp":"2021-05-26 02:16:38"}
{"message":"undefined - API Server Start At Port 3000","level":"info","timestamp":"2021-05-26 02:17:10"}
{"message":"undefined - API Server Start At Port 3000","level":"info","timestamp":"2021-05-26 02:20:28"}
{"message":"undefined - API Server Start At Port 3000","level":"info","timestamp":"2021-05-26 02:20:52"}
{"message":"undefined - API Server Start At Port 3000","level":"info","timestamp":"2021-05-26 02:21:34"}
{"message":"undefined - API Server Start At Port 3000","level":"info","timestamp":"2021-05-26 02:22:43"}
{"message":"undefined - API Server Start At Port 3000","level":"info","timestamp":"2021-05-26 02:23:03"}
{"message":"undefined - API Server Start At Port 3000","level":"info","timestamp":"2021-05-26 02:23:25"}
{"message":"undefined - API Server Start At Port 3000","level":"info","timestamp":"2021-05-26 02:23:57"}
{"message":"undefined - API Server Start At Port 3000","level":"info","timestamp":"2021-05-26 02:24:05"}
{"message":"undefined - API Server Start At Port 3000","level":"info","timestamp":"2021-05-26 02:24:36"}
{"message":"undefined - API Server Start At Port 3000","level":"info","timestamp":"2021-05-26 02:25:19"}
{"message":"undefined - API Server Start At Port 3000","level":"info","timestamp":"2021-05-26 02:25:35"}
{"message":"undefined - API Server Start At Port 3000","level":"info","timestamp":"2021-05-26 02:28:05"}
{"message":"undefined - API Server Start At Port 3000","level":"info","timestamp":"2021-05-26 02:29:00"}
{"message":"undefined - API Server Start At Port 3000","level":"info","timestamp":"2021-05-26 02:29:09"}
{"message":"undefined - API Server Start At Port 3000","level":"info","timestamp":"2021-05-26 02:39:31"}
{"message":"undefined - API Server Start At Port 3000","level":"info","timestamp":"2021-05-26 02:40:53"}
{"message":"undefined - API Server Start At Port 3000","level":"info","timestamp":"2021-05-26 02:40:59"}
{"message":"undefined - API Server Start At Port 3000","level":"info","timestamp":"2021-05-26 02:41:48"}
{"message":"undefined - API Server Start At Port 3000","level":"info","timestamp":"2021-05-26 02:41:58"}
{"message":"undefined - API Server Start At Port 3000","level":"info","timestamp":"2021-05-26 02:43:13"}
{"message":"undefined - API Server Start At Port 3000","level":"info","timestamp":"2021-05-26 02:43:18"}
{"message":"undefined - API Server Start At Port 3000","level":"info","timestamp":"2021-05-26 02:45:24"}
{"message":"undefined - API Server Start At Port 3000","level":"info","timestamp":"2021-05-26 02:45:53"}
{"message":"undefined - API Server Start At Port 3000","level":"info","timestamp":"2021-05-26 02:46:22"}
{"message":"undefined - API Server Start At Port 3000","level":"info","timestamp":"2021-05-26 02:46:27"}
{"message":"undefined - API Server Start At Port 3000","level":"info","timestamp":"2021-05-26 02:48:04"}
{"message":"undefined - API Server Start At Port 3000","level":"info","timestamp":"2021-05-26 02:48:11"}
{"message":"undefined - API Server Start At Port 3000","level":"info","timestamp":"2021-05-26 02:48:13"}
{"message":"undefined - API Server Start At Port 3000","level":"info","timestamp":"2021-05-26 02:48:26"}
{"message":"undefined - API Server Start At Port 3000","level":"info","timestamp":"2021-05-26 02:49:13"}
{"message":"undefined - API Server Start At Port 3000","level":"info","timestamp":"2021-05-26 02:50:45"}
{"message":"undefined - API Server Start At Port 3000","level":"info","timestamp":"2021-05-26 02:50:56"}
{"message":"undefined - API Server Start At Port 3000","level":"info","timestamp":"2021-05-26 02:52:30"}
{"message":"undefined - API Server Start At Port 3000","level":"info","timestamp":"2021-05-26 02:52:36"}
{"message":"undefined - API Server Start At Port 3000","level":"info","timestamp":"2021-05-26 02:52:52"}
{"message":"undefined - API Server Start At Port 3000","level":"info","timestamp":"2021-05-26 02:53:21"}
{"message":"undefined - API Server Start At Port 3000","level":"info","timestamp":"2021-05-26 02:53:43"}
{"message":"undefined - API Server Start At Port 3000","level":"info","timestamp":"2021-05-26 02:54:01"}
{"message":"undefined - API Server Start At Port 3000","level":"info","timestamp":"2021-05-26 02:54:07"}
{"message":"undefined - API Server Start At Port 3000","level":"info","timestamp":"2021-05-26 02:58:25"}
{"message":"undefined - API Server Start At Port 3000","level":"info","timestamp":"2021-05-26 02:58:48"}
{"message":"undefined - API Server Start At Port 3000","level":"info","timestamp":"2021-05-26 02:59:14"}
{"message":"undefined - API Server Start At Port 3000","level":"info","timestamp":"2021-05-26 03:00:03"}
{"message":"undefined - API Server Start At Port 3000","level":"info","timestamp":"2021-05-26 03:00:09"}
{"message":"undefined - API Server Start At Port 3000","level":"info","timestamp":"2021-05-26 03:00:47"}
{"message":"App - createRoomLike Service error\n: Cannot read property 'status' of undefined","level":"error","timestamp":"2021-05-26 03:01:08"}
{"message":"undefined - API Server Start At Port 3000","level":"info","timestamp":"2021-05-26 03:01:40"}
{"message":"App - createRoomLike Service error\n: Cannot read property 'status' of undefined","level":"error","timestamp":"2021-05-26 03:01:41"}
{"message":"undefined - API Server Start At Port 3000","level":"info","timestamp":"2021-05-26 03:01:57"}
{"message":"App - createRoomLike Service error\n: Cannot read property 'status' of undefined","level":"error","timestamp":"2021-05-26 03:01:58"}
{"message":"undefined - API Server Start At Port 3000","level":"info","timestamp":"2021-05-26 03:02:32"}
{"message":"undefined - API Server Start At Port 3000","level":"info","timestamp":"2021-05-26 03:07:54"}
{"message":"undefined - API Server Start At Port 3000","level":"info","timestamp":"2021-05-26 03:09:49"}
{"message":"undefined - API Server Start At Port 3000","level":"info","timestamp":"2021-05-26 03:10:11"}
{"message":"undefined - API Server Start At Port 3000","level":"info","timestamp":"2021-05-26 03:10:19"}
{"message":"undefined - API Server Start At Port 3000","level":"info","timestamp":"2021-05-26 03:10:40"}
{"message":"undefined - API Server Start At Port 3000","level":"info","timestamp":"2021-05-26 15:04:46"}
{"message":"undefined - API Server Start At Port 3000","level":"info","timestamp":"2021-05-26 15:04:53"}
{"message":"undefined - API Server Start At Port 3000","level":"info","timestamp":"2021-05-26 15:05:23"}
{"message":"undefined - API Server Start At Port 3000","level":"info","timestamp":"2021-05-26 15:05:40"}
{"message":"undefined - API Server Start At Port 3000","level":"info","timestamp":"2021-05-26 15:05:47"}
{"message":"undefined - API Server Start At Port 3000","level":"info","timestamp":"2021-05-26 15:07:51"}
{"message":"undefined - API Server Start At Port 3000","level":"info","timestamp":"2021-05-26 15:08:35"}
{"message":"undefined - API Server Start At Port 3000","level":"info","timestamp":"2021-05-26 15:08:44"}
{"message":"undefined - API Server Start At Port 3000","level":"info","timestamp":"2021-05-26 15:09:25"}
{"message":"undefined - API Server Start At Port 3000","level":"info","timestamp":"2021-05-26 15:11:19"}
{"message":"undefined - API Server Start At Port 3000","level":"info","timestamp":"2021-05-26 15:11:28"}
{"message":"undefined - API Server Start At Port 3000","level":"info","timestamp":"2021-05-26 15:11:31"}
{"message":"undefined - API Server Start At Port 3000","level":"info","timestamp":"2021-05-26 15:19:02"}
{"message":"undefined - API Server Start At Port 3000","level":"info","timestamp":"2021-05-26 15:19:07"}
{"message":"undefined - API Server Start At Port 3000","level":"info","timestamp":"2021-05-26 15:19:15"}
{"message":"undefined - API Server Start At Port 3000","level":"info","timestamp":"2021-05-26 15:19:24"}
{"message":"undefined - API Server Start At Port 3000","level":"info","timestamp":"2021-05-26 15:19:28"}
{"message":"undefined - API Server Start At Port 3000","level":"info","timestamp":"2021-05-26 15:20:04"}
{"message":"undefined - API Server Start At Port 3000","level":"info","timestamp":"2021-05-26 15:20:10"}
{"message":"undefined - API Server Start At Port 3000","level":"info","timestamp":"2021-05-26 15:20:37"}
{"message":"undefined - API Server Start At Port 3000","level":"info","timestamp":"2021-05-26 15:21:06"}
{"message":"undefined - API Server Start At Port 3000","level":"info","timestamp":"2021-05-26 15:21:16"}
{"message":"undefined - API Server Start At Port 3000","level":"info","timestamp":"2021-05-26 15:45:00"}
{"message":"undefined - API Server Start At Port 3000","level":"info","timestamp":"2021-05-26 16:04:38"}
{"message":"undefined - API Server Start At Port 3000","level":"info","timestamp":"2021-05-26 16:05:31"}
{"message":"undefined - API Server Start At Port 3000","level":"info","timestamp":"2021-05-26 16:06:29"}
{"message":"undefined - API Server Start At Port 3000","level":"info","timestamp":"2021-05-26 16:08:04"}
{"message":"undefined - API Server Start At Port 3000","level":"info","timestamp":"2021-05-26 16:09:40"}
{"message":"undefined - API Server Start At Port 3000","level":"info","timestamp":"2021-05-26 16:10:17"}
{"message":"undefined - API Server Start At Port 3000","level":"info","timestamp":"2021-05-26 16:10:30"}
{"message":"undefined - API Server Start At Port 3000","level":"info","timestamp":"2021-05-26 16:10:38"}
{"message":"undefined - API Server Start At Port 3000","level":"info","timestamp":"2021-05-26 16:10:52"}
{"message":"undefined - API Server Start At Port 3000","level":"info","timestamp":"2021-05-26 16:12:33"}
{"message":"undefined - API Server Start At Port 3000","level":"info","timestamp":"2021-05-26 16:12:52"}
{"message":"undefined - API Server Start At Port 3000","level":"info","timestamp":"2021-05-26 16:12:56"}
{"message":"undefined - API Server Start At Port 3000","level":"info","timestamp":"2021-05-26 16:13:06"}
{"message":"undefined - API Server Start At Port 3000","level":"info","timestamp":"2021-05-26 16:13:57"}
{"message":"undefined - API Server Start At Port 3000","level":"info","timestamp":"2021-05-26 16:14:05"}
{"message":"undefined - API Server Start At Port 3000","level":"info","timestamp":"2021-05-26 16:17:41"}
{"message":"undefined - API Server Start At Port 3000","level":"info","timestamp":"2021-05-26 16:18:30"}
{"message":"undefined - API Server Start At Port 3000","level":"info","timestamp":"2021-05-26 16:18:44"}
{"message":"undefined - API Server Start At Port 3000","level":"info","timestamp":"2021-05-26 16:19:21"}
{"message":"undefined - API Server Start At Port 3000","level":"info","timestamp":"2021-05-26 16:19:27"}
{"message":"undefined - API Server Start At Port 3000","level":"info","timestamp":"2021-05-26 16:19:31"}
{"message":"undefined - API Server Start At Port 3000","level":"info","timestamp":"2021-05-26 16:20:01"}
{"message":"undefined - API Server Start At Port 3000","level":"info","timestamp":"2021-05-26 16:20:15"}
{"message":"undefined - API Server Start At Port 3000","level":"info","timestamp":"2021-05-26 16:24:05"}
{"message":"undefined - API Server Start At Port 3000","level":"info","timestamp":"2021-05-26 16:25:40"}
{"message":"undefined - API Server Start At Port 3000","level":"info","timestamp":"2021-05-26 16:29:31"}
{"message":"undefined - API Server Start At Port 3000","level":"info","timestamp":"2021-05-26 16:29:43"}
{"message":"undefined - API Server Start At Port 3000","level":"info","timestamp":"2021-05-26 16:31:12"}
{"message":"undefined - API Server Start At Port 3000","level":"info","timestamp":"2021-05-26 16:31:14"}
{"message":"undefined - API Server Start At Port 3000","level":"info","timestamp":"2021-05-26 16:31:54"}
{"message":"undefined - API Server Start At Port 3000","level":"info","timestamp":"2021-05-26 16:33:12"}
{"message":"undefined - API Server Start At Port 3000","level":"info","timestamp":"2021-05-26 16:33:19"}
{"message":"undefined - API Server Start At Port 3000","level":"info","timestamp":"2021-05-26 16:34:01"}
{"message":"undefined - API Server Start At Port 3000","level":"info","timestamp":"2021-05-26 16:35:17"}
{"message":"undefined - API Server Start At Port 3000","level":"info","timestamp":"2021-05-26 16:35:25"}
{"message":"undefined - API Server Start At Port 3000","level":"info","timestamp":"2021-05-26 16:35:34"}
{"message":"undefined - API Server Start At Port 3000","level":"info","timestamp":"2021-05-26 16:37:14"}
{"message":"undefined - API Server Start At Port 3000","level":"info","timestamp":"2021-05-26 16:37:16"}
{"message":"undefined - API Server Start At Port 3000","level":"info","timestamp":"2021-05-26 16:38:33"}
{"message":"undefined - API Server Start At Port 3000","level":"info","timestamp":"2021-05-26 16:38:52"}
{"message":"undefined - API Server Start At Port 3000","level":"info","timestamp":"2021-05-26 16:40:03"}
{"message":"undefined - API Server Start At Port 3000","level":"info","timestamp":"2021-05-26 16:40:07"}
{"message":"undefined - API Server Start At Port 3000","level":"info","timestamp":"2021-05-26 16:42:08"}
{"message":"undefined - API Server Start At Port 3000","level":"info","timestamp":"2021-05-26 16:43:18"}
{"message":"undefined - API Server Start At Port 3000","level":"info","timestamp":"2021-05-26 16:43:45"}
{"message":"undefined - API Server Start At Port 3000","level":"info","timestamp":"2021-05-26 16:43:52"}
{"message":"undefined - API Server Start At Port 3000","level":"info","timestamp":"2021-05-26 16:44:26"}
{"message":"undefined - API Server Start At Port 3000","level":"info","timestamp":"2021-05-26 16:45:01"}
{"message":"undefined - API Server Start At Port 3000","level":"info","timestamp":"2021-05-26 16:49:57"}
{"message":"undefined - API Server Start At Port 3000","level":"info","timestamp":"2021-05-26 16:50:31"}
{"message":"undefined - API Server Start At Port 3000","level":"info","timestamp":"2021-05-26 16:50:38"}
{"message":"undefined - API Server Start At Port 3000","level":"info","timestamp":"2021-05-26 16:50:53"}
{"message":"undefined - API Server Start At Port 3000","level":"info","timestamp":"2021-05-26 16:50:57"}
{"message":"undefined - API Server Start At Port 3000","level":"info","timestamp":"2021-05-26 16:51:37"}
{"message":"undefined - API Server Start At Port 3000","level":"info","timestamp":"2021-05-26 16:51:49"}
{"message":"undefined - API Server Start At Port 3000","level":"info","timestamp":"2021-05-26 16:52:02"}
{"message":"undefined - API Server Start At Port 3000","level":"info","timestamp":"2021-05-26 16:53:39"}
{"message":"undefined - API Server Start At Port 3000","level":"info","timestamp":"2021-05-26 16:53:52"}
{"message":"undefined - API Server Start At Port 3000","level":"info","timestamp":"2021-05-26 17:01:11"}
{"message":"undefined - API Server Start At Port 3000","level":"info","timestamp":"2021-05-26 17:01:14"}
{"message":"undefined - API Server Start At Port 3000","level":"info","timestamp":"2021-05-26 17:01:20"}
{"message":"undefined - API Server Start At Port 3000","level":"info","timestamp":"2021-05-26 17:01:32"}
{"message":"undefined - API Server Start At Port 3000","level":"info","timestamp":"2021-05-26 17:11:25"}
{"message":"undefined - API Server Start At Port 3000","level":"info","timestamp":"2021-05-26 17:12:22"}
{"message":"undefined - API Server Start At Port 3000","level":"info","timestamp":"2021-05-26 17:12:28"}
{"message":"undefined - API Server Start At Port 3000","level":"info","timestamp":"2021-05-26 17:12:30"}
{"message":"undefined - API Server Start At Port 3000","level":"info","timestamp":"2021-05-26 17:16:15"}
{"message":"undefined - API Server Start At Port 3000","level":"info","timestamp":"2021-05-26 17:16:29"}
{"message":"undefined - API Server Start At Port 3000","level":"info","timestamp":"2021-05-26 17:17:20"}
{"message":"undefined - API Server Start At Port 3000","level":"info","timestamp":"2021-05-26 17:30:43"}
{"message":"undefined - API Server Start At Port 3000","level":"info","timestamp":"2021-05-26 17:30:47"}
{"message":"undefined - API Server Start At Port 3000","level":"info","timestamp":"2021-05-26 17:30:54"}
{"message":"undefined - API Server Start At Port 3000","level":"info","timestamp":"2021-05-26 17:31:17"}
{"message":"undefined - API Server Start At Port 3000","level":"info","timestamp":"2021-05-26 17:32:38"}
{"message":"undefined - API Server Start At Port 3000","level":"info","timestamp":"2021-05-26 17:34:16"}
{"message":"undefined - API Server Start At Port 3000","level":"info","timestamp":"2021-05-26 17:35:58"}
{"message":"undefined - API Server Start At Port 3000","level":"info","timestamp":"2021-05-26 17:36:10"}
{"message":"undefined - API Server Start At Port 3000","level":"info","timestamp":"2021-05-26 17:36:59"}
{"message":"undefined - API Server Start At Port 3000","level":"info","timestamp":"2021-05-26 17:38:14"}
{"message":"undefined - API Server Start At Port 3000","level":"info","timestamp":"2021-05-26 17:38:22"}
{"message":"undefined - API Server Start At Port 3000","level":"info","timestamp":"2021-05-26 17:39:20"}
{"message":"undefined - API Server Start At Port 3000","level":"info","timestamp":"2021-05-26 17:39:28"}
{"message":"undefined - API Server Start At Port 3000","level":"info","timestamp":"2021-05-26 17:40:38"}
{"message":"undefined - API Server Start At Port 3000","level":"info","timestamp":"2021-05-26 17:40:42"}
{"message":"undefined - API Server Start At Port 3000","level":"info","timestamp":"2021-05-26 17:40:53"}
{"message":"undefined - API Server Start At Port 3000","level":"info","timestamp":"2021-05-26 17:41:00"}
{"message":"undefined - API Server Start At Port 3000","level":"info","timestamp":"2021-05-26 17:41:48"}
{"message":"undefined - API Server Start At Port 3000","level":"info","timestamp":"2021-05-26 17:41:53"}
{"message":"undefined - API Server Start At Port 3000","level":"info","timestamp":"2021-05-26 17:41:58"}
{"message":"undefined - API Server Start At Port 3000","level":"info","timestamp":"2021-05-26 17:42:03"}
{"message":"undefined - API Server Start At Port 3000","level":"info","timestamp":"2021-05-26 17:42:17"}
{"message":"undefined - API Server Start At Port 3000","level":"info","timestamp":"2021-05-26 17:44:25"}
{"message":"undefined - API Server Start At Port 3000","level":"info","timestamp":"2021-05-26 17:44:53"}
{"message":"undefined - API Server Start At Port 3000","level":"info","timestamp":"2021-05-26 17:46:27"}
{"message":"undefined - API Server Start At Port 3000","level":"info","timestamp":"2021-05-26 17:46:32"}
{"message":"undefined - API Server Start At Port 3000","level":"info","timestamp":"2021-05-26 17:46:46"}
{"message":"undefined - API Server Start At Port 3000","level":"info","timestamp":"2021-05-26 17:49:42"}
{"message":"undefined - API Server Start At Port 3000","level":"info","timestamp":"2021-05-26 17:49:48"}
{"message":"undefined - API Server Start At Port 3000","level":"info","timestamp":"2021-05-26 17:49:54"}
{"message":"undefined - API Server Start At Port 3000","level":"info","timestamp":"2021-05-26 17:50:01"}
{"message":"undefined - API Server Start At Port 3000","level":"info","timestamp":"2021-05-26 17:55:16"}
{"message":"undefined - API Server Start At Port 3000","level":"info","timestamp":"2021-05-26 17:57:32"}
{"message":"undefined - API Server Start At Port 3000","level":"info","timestamp":"2021-05-26 17:58:00"}
{"message":"undefined - API Server Start At Port 3000","level":"info","timestamp":"2021-05-26 17:58:18"}
{"message":"undefined - API Server Start At Port 3000","level":"info","timestamp":"2021-05-26 17:58:42"}
{"message":"undefined - API Server Start At Port 3000","level":"info","timestamp":"2021-05-26 17:58:49"}
{"message":"undefined - API Server Start At Port 3000","level":"info","timestamp":"2021-05-26 17:59:02"}
{"message":"undefined - API Server Start At Port 3000","level":"info","timestamp":"2021-05-26 18:01:28"}
{"message":"undefined - API Server Start At Port 3000","level":"info","timestamp":"2021-05-26 18:03:53"}
{"message":"undefined - API Server Start At Port 3000","level":"info","timestamp":"2021-05-26 18:08:50"}
{"message":"undefined - API Server Start At Port 3000","level":"info","timestamp":"2021-05-26 18:09:00"}
{"message":"undefined - API Server Start At Port 3000","level":"info","timestamp":"2021-05-26 18:11:58"}
{"message":"undefined - API Server Start At Port 3000","level":"info","timestamp":"2021-05-26 18:12:03"}
{"message":"undefined - API Server Start At Port 3000","level":"info","timestamp":"2021-05-26 18:12:10"}
{"message":"undefined - API Server Start At Port 3000","level":"info","timestamp":"2021-05-26 18:12:29"}
{"message":"undefined - API Server Start At Port 3000","level":"info","timestamp":"2021-05-26 18:12:35"}
{"message":"undefined - API Server Start At Port 3000","level":"info","timestamp":"2021-05-26 18:24:08"}
{"message":"undefined - API Server Start At Port 3000","level":"info","timestamp":"2021-05-26 18:25:49"}
{"message":"undefined - API Server Start At Port 3000","level":"info","timestamp":"2021-05-26 18:26:15"}
{"message":"undefined - API Server Start At Port 3000","level":"info","timestamp":"2021-05-26 18:26:30"}
{"message":"undefined - API Server Start At Port 3000","level":"info","timestamp":"2021-05-26 18:26:37"}
{"message":"undefined - API Server Start At Port 3000","level":"info","timestamp":"2021-05-26 18:28:25"}
{"message":"undefined - API Server Start At Port 3000","level":"info","timestamp":"2021-05-26 18:30:26"}
{"message":"undefined - API Server Start At Port 3000","level":"info","timestamp":"2021-05-26 18:31:12"}
{"message":"undefined - API Server Start At Port 3000","level":"info","timestamp":"2021-05-26 18:31:39"}
{"message":"undefined - API Server Start At Port 3000","level":"info","timestamp":"2021-05-26 18:32:49"}
{"message":"undefined - API Server Start At Port 3000","level":"info","timestamp":"2021-05-26 18:33:27"}
{"message":"undefined - API Server Start At Port 3000","level":"info","timestamp":"2021-05-26 18:35:40"}
{"message":"undefined - API Server Start At Port 3000","level":"info","timestamp":"2021-05-26 18:35:52"}
{"message":"undefined - API Server Start At Port 3000","level":"info","timestamp":"2021-05-26 18:36:48"}
{"message":"undefined - API Server Start At Port 3000","level":"info","timestamp":"2021-05-26 18:37:10"}
{"message":"undefined - API Server Start At Port 3000","level":"info","timestamp":"2021-05-26 18:37:18"}
{"message":"undefined - API Server Start At Port 3000","level":"info","timestamp":"2021-05-26 18:37:27"}
{"message":"undefined - API Server Start At Port 3000","level":"info","timestamp":"2021-05-26 18:38:15"}
{"message":"undefined - API Server Start At Port 3000","level":"info","timestamp":"2021-05-26 18:38:20"}
{"message":"undefined - API Server Start At Port 3000","level":"info","timestamp":"2021-05-26 18:38:30"}
{"message":"undefined - API Server Start At Port 3000","level":"info","timestamp":"2021-05-26 18:38:37"}
{"message":"undefined - API Server Start At Port 3000","level":"info","timestamp":"2021-05-26 18:40:34"}
{"message":"undefined - API Server Start At Port 3000","level":"info","timestamp":"2021-05-26 18:44:13"}
{"message":"undefined - API Server Start At Port 3000","level":"info","timestamp":"2021-05-26 18:45:32"}
{"message":"undefined - API Server Start At Port 3000","level":"info","timestamp":"2021-05-26 18:46:26"}
{"message":"undefined - API Server Start At Port 3000","level":"info","timestamp":"2021-05-26 18:50:19"}
{"message":"undefined - API Server Start At Port 3000","level":"info","timestamp":"2021-05-26 19:00:32"}
{"message":"undefined - API Server Start At Port 3000","level":"info","timestamp":"2021-05-26 19:31:20"}
{"message":"undefined - API Server Start At Port 3000","level":"info","timestamp":"2021-05-26 19:31:30"}
{"message":"undefined - API Server Start At Port 3000","level":"info","timestamp":"2021-05-26 19:31:39"}
{"message":"undefined - API Server Start At Port 3000","level":"info","timestamp":"2021-05-26 19:31:53"}
{"message":"undefined - API Server Start At Port 3000","level":"info","timestamp":"2021-05-26 19:32:12"}
{"message":"undefined - API Server Start At Port 3000","level":"info","timestamp":"2021-05-26 19:32:23"}
{"message":"undefined - API Server Start At Port 3000","level":"info","timestamp":"2021-05-26 19:32:26"}
{"message":"undefined - API Server Start At Port 3000","level":"info","timestamp":"2021-05-26 19:32:28"}
{"message":"undefined - API Server Start At Port 3000","level":"info","timestamp":"2021-05-26 19:32:33"}
{"message":"undefined - API Server Start At Port 3000","level":"info","timestamp":"2021-05-26 19:32:36"}
{"message":"undefined - API Server Start At Port 3000","level":"info","timestamp":"2021-05-26 19:32:37"}
{"message":"undefined - API Server Start At Port 3000","level":"info","timestamp":"2021-05-26 19:35:40"}
{"message":"undefined - API Server Start At Port 3000","level":"info","timestamp":"2021-05-26 19:36:03"}
{"message":"undefined - API Server Start At Port 3000","level":"info","timestamp":"2021-05-26 19:36:08"}
{"message":"undefined - API Server Start At Port 3000","level":"info","timestamp":"2021-05-26 19:36:33"}
{"message":"undefined - API Server Start At Port 3000","level":"info","timestamp":"2021-05-26 19:37:12"}
{"message":"undefined - API Server Start At Port 3000","level":"info","timestamp":"2021-05-26 19:38:55"}
{"message":"undefined - API Server Start At Port 3000","level":"info","timestamp":"2021-05-26 19:46:03"}
{"message":"undefined - API Server Start At Port 3000","level":"info","timestamp":"2021-05-26 19:46:39"}
{"message":"undefined - API Server Start At Port 3000","level":"info","timestamp":"2021-05-26 19:46:48"}
{"message":"undefined - API Server Start At Port 3000","level":"info","timestamp":"2021-05-26 19:47:04"}
{"message":"undefined - API Server Start At Port 3000","level":"info","timestamp":"2021-05-26 19:47:11"}
{"message":"undefined - API Server Start At Port 3000","level":"info","timestamp":"2021-05-26 19:47:25"}
{"message":"undefined - API Server Start At Port 3000","level":"info","timestamp":"2021-05-26 19:49:05"}
{"message":"undefined - API Server Start At Port 3000","level":"info","timestamp":"2021-05-26 19:53:08"}
{"message":"undefined - API Server Start At Port 3000","level":"info","timestamp":"2021-05-26 19:53:46"}
{"message":"undefined - API Server Start At Port 3000","level":"info","timestamp":"2021-05-26 19:53:58"}
{"message":"undefined - API Server Start At Port 3000","level":"info","timestamp":"2021-05-26 19:55:13"}
{"message":"undefined - API Server Start At Port 3000","level":"info","timestamp":"2021-05-26 19:55:18"}
{"message":"undefined - API Server Start At Port 3000","level":"info","timestamp":"2021-05-26 19:55:29"}
{"message":"undefined - API Server Start At Port 3000","level":"info","timestamp":"2021-05-26 19:55:58"}
{"message":"undefined - API Server Start At Port 3000","level":"info","timestamp":"2021-05-26 19:59:41"}
{"message":"undefined - API Server Start At Port 3000","level":"info","timestamp":"2021-05-26 19:59:50"}
{"message":"undefined - API Server Start At Port 3000","level":"info","timestamp":"2021-05-26 20:00:12"}
{"message":"undefined - API Server Start At Port 3000","level":"info","timestamp":"2021-05-26 20:00:21"}
{"message":"undefined - API Server Start At Port 3000","level":"info","timestamp":"2021-05-26 20:00:43"}
{"message":"undefined - API Server Start At Port 3000","level":"info","timestamp":"2021-05-26 20:00:50"}
{"message":"undefined - API Server Start At Port 3000","level":"info","timestamp":"2021-05-26 20:01:08"}
{"message":"undefined - API Server Start At Port 3000","level":"info","timestamp":"2021-05-26 20:01:25"}
{"message":"undefined - API Server Start At Port 3000","level":"info","timestamp":"2021-05-26 20:02:30"}
{"message":"undefined - API Server Start At Port 3000","level":"info","timestamp":"2021-05-26 20:02:42"}
{"message":"undefined - API Server Start At Port 3000","level":"info","timestamp":"2021-05-26 20:03:03"}
{"message":"undefined - API Server Start At Port 3000","level":"info","timestamp":"2021-05-26 20:03:09"}
{"message":"undefined - API Server Start At Port 3000","level":"info","timestamp":"2021-05-26 20:03:13"}
{"message":"undefined - API Server Start At Port 3000","level":"info","timestamp":"2021-05-26 20:04:31"}
{"message":"undefined - API Server Start At Port 3000","level":"info","timestamp":"2021-05-26 20:05:18"}
{"message":"undefined - API Server Start At Port 3000","level":"info","timestamp":"2021-05-26 20:05:42"}
{"message":"undefined - API Server Start At Port 3000","level":"info","timestamp":"2021-05-26 20:08:59"}
{"message":"undefined - API Server Start At Port 3000","level":"info","timestamp":"2021-05-26 20:09:49"}
{"message":"undefined - API Server Start At Port 3000","level":"info","timestamp":"2021-05-26 20:10:42"}
{"message":"undefined - API Server Start At Port 3000","level":"info","timestamp":"2021-05-26 20:11:03"}
{"message":"undefined - API Server Start At Port 3000","level":"info","timestamp":"2021-05-26 20:11:17"}
{"message":"undefined - API Server Start At Port 3000","level":"info","timestamp":"2021-05-26 20:11:34"}
{"message":"undefined - API Server Start At Port 3000","level":"info","timestamp":"2021-05-26 20:11:38"}
{"message":"undefined - API Server Start At Port 3000","level":"info","timestamp":"2021-05-26 20:11:44"}
{"message":"undefined - API Server Start At Port 3000","level":"info","timestamp":"2021-05-26 20:12:19"}
{"message":"undefined - API Server Start At Port 3000","level":"info","timestamp":"2021-05-26 20:36:38"}
{"message":"undefined - API Server Start At Port 3000","level":"info","timestamp":"2021-05-26 20:37:06"}
{"message":"undefined - API Server Start At Port 3000","level":"info","timestamp":"2021-05-26 20:37:12"}
{"message":"undefined - API Server Start At Port 3000","level":"info","timestamp":"2021-05-26 20:39:00"}
{"message":"undefined - API Server Start At Port 3000","level":"info","timestamp":"2021-05-26 20:39:06"}
{"message":"undefined - API Server Start At Port 3000","level":"info","timestamp":"2021-05-26 20:39:23"}
{"message":"undefined - API Server Start At Port 3000","level":"info","timestamp":"2021-05-26 20:39:32"}
{"message":"undefined - API Server Start At Port 3000","level":"info","timestamp":"2021-05-26 20:39:42"}
{"message":"undefined - API Server Start At Port 3000","level":"info","timestamp":"2021-05-26 20:40:02"}
{"message":"undefined - API Server Start At Port 3000","level":"info","timestamp":"2021-05-26 20:41:43"}
{"message":"undefined - API Server Start At Port 3000","level":"info","timestamp":"2021-05-26 20:46:24"}
{"message":"undefined - API Server Start At Port 3000","level":"info","timestamp":"2021-05-26 20:46:46"}
{"message":"undefined - API Server Start At Port 3000","level":"info","timestamp":"2021-05-26 20:46:51"}
{"message":"undefined - API Server Start At Port 3000","level":"info","timestamp":"2021-05-26 20:46:55"}
{"message":"undefined - API Server Start At Port 3000","level":"info","timestamp":"2021-05-26 20:48:05"}
{"message":"undefined - API Server Start At Port 3000","level":"info","timestamp":"2021-05-26 20:48:39"}
{"message":"undefined - API Server Start At Port 3000","level":"info","timestamp":"2021-05-26 20:50:45"}
{"message":"undefined - API Server Start At Port 3000","level":"info","timestamp":"2021-05-26 20:51:23"}
{"message":"undefined - API Server Start At Port 3000","level":"info","timestamp":"2021-05-26 20:52:21"}
{"message":"undefined - API Server Start At Port 3000","level":"info","timestamp":"2021-05-26 20:52:24"}
{"message":"undefined - API Server Start At Port 3000","level":"info","timestamp":"2021-05-26 20:53:14"}
{"message":"undefined - API Server Start At Port 3000","level":"info","timestamp":"2021-05-26 20:53:43"}
{"message":"undefined - API Server Start At Port 3000","level":"info","timestamp":"2021-05-26 20:53:48"}
{"message":"undefined - API Server Start At Port 3000","level":"info","timestamp":"2021-05-26 20:53:55"}
{"message":"undefined - API Server Start At Port 3000","level":"info","timestamp":"2021-05-26 20:54:13"}
{"message":"undefined - API Server Start At Port 3000","level":"info","timestamp":"2021-05-26 20:54:38"}
{"message":"undefined - API Server Start At Port 3000","level":"info","timestamp":"2021-05-26 20:54:55"}
{"message":"undefined - API Server Start At Port 3000","level":"info","timestamp":"2021-05-26 21:04:12"}
{"message":"undefined - API Server Start At Port 3000","level":"info","timestamp":"2021-05-26 21:04:47"}
{"message":"undefined - API Server Start At Port 3000","level":"info","timestamp":"2021-05-26 21:05:18"}
{"message":"undefined - API Server Start At Port 3000","level":"info","timestamp":"2021-05-26 21:05:24"}
{"message":"undefined - API Server Start At Port 3000","level":"info","timestamp":"2021-05-26 21:06:46"}
{"message":"undefined - API Server Start At Port 3000","level":"info","timestamp":"2021-05-26 21:13:34"}
{"message":"undefined - API Server Start At Port 3000","level":"info","timestamp":"2021-05-26 21:13:39"}
{"message":"undefined - API Server Start At Port 3000","level":"info","timestamp":"2021-05-26 21:20:08"}
{"message":"undefined - API Server Start At Port 3000","level":"info","timestamp":"2021-05-26 21:20:16"}
{"message":"undefined - API Server Start At Port 3000","level":"info","timestamp":"2021-05-26 21:20:20"}
{"message":"undefined - API Server Start At Port 3000","level":"info","timestamp":"2021-05-26 21:26:53"}
{"message":"undefined - API Server Start At Port 3000","level":"info","timestamp":"2021-05-26 21:27:05"}
{"message":"undefined - API Server Start At Port 3000","level":"info","timestamp":"2021-05-26 21:44:11"}
{"message":"undefined - API Server Start At Port 3000","level":"info","timestamp":"2021-05-26 21:44:44"}
{"message":"undefined - API Server Start At Port 3000","level":"info","timestamp":"2021-05-26 21:45:07"}
{"message":"undefined - API Server Start At Port 3000","level":"info","timestamp":"2021-05-26 21:45:49"}
{"message":"undefined - API Server Start At Port 3000","level":"info","timestamp":"2021-05-26 21:45:56"}
{"message":"undefined - API Server Start At Port 3000","level":"info","timestamp":"2021-05-26 21:48:12"}
{"message":"undefined - API Server Start At Port 3000","level":"info","timestamp":"2021-05-26 21:48:20"}
{"message":"undefined - API Server Start At Port 3000","level":"info","timestamp":"2021-05-26 21:49:09"}
{"message":"undefined - API Server Start At Port 3000","level":"info","timestamp":"2021-05-26 21:49:15"}
{"message":"undefined - API Server Start At Port 3000","level":"info","timestamp":"2021-05-26 21:51:36"}
{"message":"undefined - API Server Start At Port 3000","level":"info","timestamp":"2021-05-26 21:52:46"}
{"message":"undefined - API Server Start At Port 3000","level":"info","timestamp":"2021-05-26 21:52:55"}
{"message":"undefined - API Server Start At Port 3000","level":"info","timestamp":"2021-05-26 21:53:18"}
{"message":"undefined - API Server Start At Port 3000","level":"info","timestamp":"2021-05-26 21:53:43"}
{"message":"undefined - API Server Start At Port 3000","level":"info","timestamp":"2021-05-26 21:53:51"}
{"message":"undefined - API Server Start At Port 3000","level":"info","timestamp":"2021-05-26 21:54:00"}
{"message":"undefined - API Server Start At Port 3000","level":"info","timestamp":"2021-05-26 21:54:03"}
{"message":"undefined - API Server Start At Port 3000","level":"info","timestamp":"2021-05-26 21:54:30"}
{"message":"undefined - API Server Start At Port 3000","level":"info","timestamp":"2021-05-26 21:55:26"}
{"message":"undefined - API Server Start At Port 3000","level":"info","timestamp":"2021-05-26 21:55:42"}
{"message":"undefined - API Server Start At Port 3000","level":"info","timestamp":"2021-05-26 21:56:01"}
{"message":"undefined - API Server Start At Port 3000","level":"info","timestamp":"2021-05-26 21:56:26"}
{"message":"undefined - API Server Start At Port 3000","level":"info","timestamp":"2021-05-26 21:57:24"}
{"message":"undefined - API Server Start At Port 3000","level":"info","timestamp":"2021-05-26 21:58:19"}
{"message":"undefined - API Server Start At Port 3000","level":"info","timestamp":"2021-05-26 21:58:24"}
{"message":"undefined - API Server Start At Port 3000","level":"info","timestamp":"2021-05-26 21:58:50"}
{"message":"undefined - API Server Start At Port 3000","level":"info","timestamp":"2021-05-26 21:59:48"}
{"message":"undefined - API Server Start At Port 3000","level":"info","timestamp":"2021-05-26 21:59:53"}
{"message":"undefined - API Server Start At Port 3000","level":"info","timestamp":"2021-05-26 22:00:03"}
{"message":"undefined - API Server Start At Port 3000","level":"info","timestamp":"2021-05-26 22:00:04"}
{"message":"undefined - API Server Start At Port 3000","level":"info","timestamp":"2021-05-26 22:00:08"}
{"message":"undefined - API Server Start At Port 3000","level":"info","timestamp":"2021-05-26 22:00:12"}
{"message":"undefined - API Server Start At Port 3000","level":"info","timestamp":"2021-05-26 22:03:23"}
{"message":"undefined - API Server Start At Port 3000","level":"info","timestamp":"2021-05-26 22:03:29"}
{"message":"undefined - API Server Start At Port 3000","level":"info","timestamp":"2021-05-26 22:03:35"}
{"message":"undefined - API Server Start At Port 3000","level":"info","timestamp":"2021-05-26 22:03:49"}
{"message":"undefined - API Server Start At Port 3000","level":"info","timestamp":"2021-05-26 22:04:18"}
{"message":"undefined - API Server Start At Port 3000","level":"info","timestamp":"2021-05-26 22:04:28"}
{"message":"undefined - API Server Start At Port 3000","level":"info","timestamp":"2021-05-26 22:04:31"}
{"message":"undefined - API Server Start At Port 3000","level":"info","timestamp":"2021-05-26 22:05:45"}
{"message":"undefined - API Server Start At Port 3000","level":"info","timestamp":"2021-05-26 22:06:22"}
{"message":"undefined - API Server Start At Port 3000","level":"info","timestamp":"2021-05-26 22:06:28"}
{"message":"undefined - API Server Start At Port 3000","level":"info","timestamp":"2021-05-26 22:07:08"}
{"message":"undefined - API Server Start At Port 3000","level":"info","timestamp":"2021-05-26 22:07:28"}
{"message":"undefined - API Server Start At Port 3000","level":"info","timestamp":"2021-05-26 22:07:56"}
{"message":"undefined - API Server Start At Port 3000","level":"info","timestamp":"2021-05-26 22:08:30"}
{"message":"undefined - API Server Start At Port 3000","level":"info","timestamp":"2021-05-26 22:11:46"}
{"message":"undefined - API Server Start At Port 3000","level":"info","timestamp":"2021-05-26 22:11:49"}
{"message":"undefined - API Server Start At Port 3000","level":"info","timestamp":"2021-05-26 22:17:23"}
{"message":"undefined - API Server Start At Port 3000","level":"info","timestamp":"2021-05-26 22:18:41"}
{"message":"undefined - API Server Start At Port 3000","level":"info","timestamp":"2021-05-26 22:18:44"}
{"message":"undefined - API Server Start At Port 3000","level":"info","timestamp":"2021-05-26 22:19:20"}
{"message":"undefined - API Server Start At Port 3000","level":"info","timestamp":"2021-05-26 22:19:28"}
{"message":"undefined - API Server Start At Port 3000","level":"info","timestamp":"2021-05-26 22:21:17"}
{"message":"undefined - API Server Start At Port 3000","level":"info","timestamp":"2021-05-26 22:22:31"}
{"message":"undefined - API Server Start At Port 3000","level":"info","timestamp":"2021-05-26 22:29:06"}
{"message":"undefined - API Server Start At Port 3000","level":"info","timestamp":"2021-05-26 22:29:12"}
{"message":"undefined - API Server Start At Port 3000","level":"info","timestamp":"2021-05-26 22:29:15"}
{"message":"undefined - API Server Start At Port 3000","level":"info","timestamp":"2021-05-26 22:29:20"}
{"message":"undefined - API Server Start At Port 3000","level":"info","timestamp":"2021-05-26 22:29:25"}
{"message":"undefined - API Server Start At Port 3000","level":"info","timestamp":"2021-05-26 22:29:29"}
{"message":"undefined - API Server Start At Port 3000","level":"info","timestamp":"2021-05-26 22:29:32"}
{"message":"undefined - API Server Start At Port 3000","level":"info","timestamp":"2021-05-26 22:29:35"}
{"message":"undefined - API Server Start At Port 3000","level":"info","timestamp":"2021-05-26 22:38:17"}
{"message":"undefined - API Server Start At Port 3000","level":"info","timestamp":"2021-05-26 22:42:07"}
{"message":"undefined - API Server Start At Port 3000","level":"info","timestamp":"2021-05-26 22:42:10"}
{"message":"undefined - API Server Start At Port 3000","level":"info","timestamp":"2021-05-26 22:42:54"}
{"message":"undefined - API Server Start At Port 3000","level":"info","timestamp":"2021-05-26 22:43:24"}
{"message":"undefined - API Server Start At Port 3000","level":"info","timestamp":"2021-05-26 22:48:45"}
{"message":"undefined - API Server Start At Port 3000","level":"info","timestamp":"2021-05-26 10:45:27"}
{"message":"App - postSignIn Service error\n: Cannot destructure property 'isSuccess' of 'undefined' as it is undefined. \n{}","level":"error","timestamp":"2021-05-26 10:45:31"}
{"message":"App - postSignIn Service error\n: Cannot destructure property 'isSuccess' of 'undefined' as it is undefined. \n{}","level":"error","timestamp":"2021-05-26 10:45:36"}
{"message":"undefined - API Server Start At Port 3000","level":"info","timestamp":"2021-05-26 10:47:16"}
{"message":"undefined - API Server Start At Port 3000","level":"info","timestamp":"2021-05-26 10:55:52"}
{"message":"undefined - API Server Start At Port 3000","level":"info","timestamp":"2021-05-26 10:56:20"}
