{"message":"undefined - API Server Start At Port 3000","level":"info","timestamp":"2021-05-31 10:37:52"}
{"message":"undefined - API Server Start At Port 3000","level":"info","timestamp":"2021-05-31 10:44:24"}
{"message":"undefined - API Server Start At Port 3000","level":"info","timestamp":"2021-05-31 10:48:39"}
{"message":"undefined - API Server Start At Port 3000","level":"info","timestamp":"2021-05-31 10:52:36"}
{"message":"undefined - API Server Start At Port 3000","level":"info","timestamp":"2021-05-31 10:57:48"}
{"message":"undefined - API Server Start At Port 3000","level":"info","timestamp":"2021-05-31 10:59:15"}
{"message":"undefined - API Server Start At Port 3000","level":"info","timestamp":"2021-05-31 11:00:22"}
{"message":"undefined - API Server Start At Port 3000","level":"info","timestamp":"2021-05-31 11:05:40"}
{"message":"undefined - API Server Start At Port 3000","level":"info","timestamp":"2021-05-31 11:05:57"}
{"message":"undefined - API Server Start At Port 3000","level":"info","timestamp":"2021-05-31 13:11:43"}
{"message":"undefined - API Server Start At Port 3000","level":"info","timestamp":"2021-05-31 13:12:37"}
{"message":"undefined - API Server Start At Port 3000","level":"info","timestamp":"2021-05-31 18:20:59"}
{"message":"undefined - API Server Start At Port 3000","level":"info","timestamp":"2021-05-31 18:22:39"}
{"message":"undefined - API Server Start At Port 3000","level":"info","timestamp":"2021-05-31 18:29:08"}
{"message":"undefined - API Server Start At Port 3000","level":"info","timestamp":"2021-05-31 18:29:58"}
{"message":"undefined - API Server Start At Port 3000","level":"info","timestamp":"2021-05-31 18:30:46"}
{"message":"undefined - API Server Start At Port 3000","level":"info","timestamp":"2021-05-31 18:34:24"}
{"message":"undefined - API Server Start At Port 3000","level":"info","timestamp":"2021-05-31 18:35:14"}
{"message":"undefined - API Server Start At Port 3000","level":"info","timestamp":"2021-05-31 18:37:01"}
{"message":"undefined - API Server Start At Port 3000","level":"info","timestamp":"2021-05-31 18:38:58"}
{"message":"undefined - API Server Start At Port 3000","level":"info","timestamp":"2021-05-31 18:39:11"}
{"message":"undefined - API Server Start At Port 3000","level":"info","timestamp":"2021-05-31 18:47:47"}
{"message":"undefined - API Server Start At Port 3000","level":"info","timestamp":"2021-05-31 18:51:00"}
{"message":"App - retrieveRoom Error\n: You have an error in your SQL syntax; check the manual that corresponds to your MySQL server version for the right syntax to use near 'them '임시 예약' \n                    when ReservationTB.status = 'Y' '예' at line 2","level":"error","timestamp":"2021-05-31 18:51:10"}
{"message":"undefined - API Server Start At Port 3000","level":"info","timestamp":"2021-05-31 18:51:39"}
{"message":"undefined - API Server Start At Port 3000","level":"info","timestamp":"2021-05-31 01:33:07"}
{"message":"undefined - API Server Start At Port 3000","level":"info","timestamp":"2021-05-31 01:34:03"}
{"message":"undefined - API Server Start At Port 3000","level":"info","timestamp":"2021-05-31 01:34:18"}
{"message":"undefined - API Server Start At Port 3000","level":"info","timestamp":"2021-05-31 01:34:38"}
{"message":"undefined - API Server Start At Port 3000","level":"info","timestamp":"2021-05-31 01:34:57"}
{"message":"undefined - API Server Start At Port 3000","level":"info","timestamp":"2021-05-31 01:50:55"}
{"message":"undefined - API Server Start At Port 3000","level":"info","timestamp":"2021-05-31 01:51:11"}
{"message":"undefined - API Server Start At Port 3000","level":"info","timestamp":"2021-05-31 01:52:00"}
{"message":"undefined - API Server Start At Port 3000","level":"info","timestamp":"2021-05-31 01:52:41"}
{"message":"undefined - API Server Start At Port 3000","level":"info","timestamp":"2021-05-31 01:54:24"}
{"message":"undefined - API Server Start At Port 3000","level":"info","timestamp":"2021-05-31 01:54:46"}
{"message":"undefined - API Server Start At Port 3000","level":"info","timestamp":"2021-05-31 01:56:48"}
{"message":"undefined - API Server Start At Port 3000","level":"info","timestamp":"2021-05-31 01:56:58"}
{"message":"undefined - API Server Start At Port 3000","level":"info","timestamp":"2021-05-31 01:57:58"}
{"message":"undefined - API Server Start At Port 3000","level":"info","timestamp":"2021-05-31 01:58:10"}
{"message":"undefined - API Server Start At Port 3000","level":"info","timestamp":"2021-05-31 01:59:00"}
{"message":"undefined - API Server Start At Port 3000","level":"info","timestamp":"2021-05-31 01:59:25"}
{"message":"undefined - API Server Start At Port 3000","level":"info","timestamp":"2021-05-31 01:59:44"}
{"message":"undefined - API Server Start At Port 3000","level":"info","timestamp":"2021-05-31 01:59:54"}
{"message":"undefined - API Server Start At Port 3000","level":"info","timestamp":"2021-05-31 02:00:21"}
{"message":"undefined - API Server Start At Port 3000","level":"info","timestamp":"2021-05-31 02:00:53"}
{"message":"undefined - API Server Start At Port 3000","level":"info","timestamp":"2021-05-31 02:01:00"}
{"message":"undefined - API Server Start At Port 3000","level":"info","timestamp":"2021-05-31 02:03:10"}
{"message":"undefined - API Server Start At Port 3000","level":"info","timestamp":"2021-05-31 02:03:26"}
{"message":"undefined - API Server Start At Port 3000","level":"info","timestamp":"2021-05-31 02:03:29"}
{"message":"undefined - API Server Start At Port 3000","level":"info","timestamp":"2021-05-31 02:03:43"}
{"message":"undefined - API Server Start At Port 3000","level":"info","timestamp":"2021-05-31 02:04:33"}
{"message":"undefined - API Server Start At Port 3000","level":"info","timestamp":"2021-05-31 02:05:27"}
{"message":"undefined - API Server Start At Port 3000","level":"info","timestamp":"2021-05-31 02:05:37"}
{"message":"undefined - API Server Start At Port 3000","level":"info","timestamp":"2021-05-31 02:05:54"}
{"message":"undefined - API Server Start At Port 3000","level":"info","timestamp":"2021-05-31 02:08:05"}
{"message":"undefined - API Server Start At Port 3000","level":"info","timestamp":"2021-05-31 02:08:18"}
{"message":"undefined - API Server Start At Port 3000","level":"info","timestamp":"2021-05-31 02:08:39"}
{"message":"undefined - API Server Start At Port 3000","level":"info","timestamp":"2021-05-31 02:09:07"}
{"message":"undefined - API Server Start At Port 3000","level":"info","timestamp":"2021-05-31 02:09:50"}
{"message":"undefined - API Server Start At Port 3000","level":"info","timestamp":"2021-05-31 02:10:15"}
{"message":"undefined - API Server Start At Port 3000","level":"info","timestamp":"2021-05-31 02:10:19"}
{"message":"undefined - API Server Start At Port 3000","level":"info","timestamp":"2021-05-31 02:10:31"}
{"message":"undefined - API Server Start At Port 3000","level":"info","timestamp":"2021-05-31 02:11:15"}
{"message":"undefined - API Server Start At Port 3000","level":"info","timestamp":"2021-05-31 02:11:21"}
{"message":"undefined - API Server Start At Port 3000","level":"info","timestamp":"2021-05-31 02:11:25"}
{"message":"undefined - API Server Start At Port 3000","level":"info","timestamp":"2021-05-31 02:11:31"}
{"message":"undefined - API Server Start At Port 3000","level":"info","timestamp":"2021-05-31 02:11:53"}
{"message":"undefined - API Server Start At Port 3000","level":"info","timestamp":"2021-05-31 02:39:13"}
{"message":"undefined - API Server Start At Port 3000","level":"info","timestamp":"2021-05-31 02:42:25"}
{"message":"undefined - API Server Start At Port 3000","level":"info","timestamp":"2021-05-31 02:42:30"}
{"message":"undefined - API Server Start At Port 3000","level":"info","timestamp":"2021-05-31 02:48:28"}
{"message":"undefined - API Server Start At Port 3000","level":"info","timestamp":"2021-05-31 02:49:52"}
{"message":"undefined - API Server Start At Port 3000","level":"info","timestamp":"2021-05-31 02:49:54"}
{"message":"undefined - API Server Start At Port 3000","level":"info","timestamp":"2021-05-31 02:50:44"}
{"message":"undefined - API Server Start At Port 3000","level":"info","timestamp":"2021-05-31 02:51:04"}
{"message":"App - insertSearch Service error\n: Cannot read property 'length' of undefined","level":"error","timestamp":"2021-05-31 02:51:09"}
{"message":"undefined - API Server Start At Port 3000","level":"info","timestamp":"2021-05-31 02:51:31"}
{"message":"undefined - API Server Start At Port 3000","level":"info","timestamp":"2021-05-31 02:52:01"}
{"message":"App - insertSearch Service error\n: Subquery returns more than 1 row","level":"error","timestamp":"2021-05-31 02:53:41"}
{"message":"undefined - API Server Start At Port 3000","level":"info","timestamp":"2021-05-31 02:54:15"}
{"message":"App - insertSearch Service error\n: Subquery returns more than 1 row","level":"error","timestamp":"2021-05-31 02:54:16"}
{"message":"App - insertSearch Service error\n: Subquery returns more than 1 row","level":"error","timestamp":"2021-05-31 02:54:57"}
{"message":"App - insertSearch Service error\n: Subquery returns more than 1 row","level":"error","timestamp":"2021-05-31 02:54:58"}
{"message":"undefined - API Server Start At Port 3000","level":"info","timestamp":"2021-05-31 02:56:41"}
{"message":"App - insertSearch Service error\n: Subquery returns more than 1 row","level":"error","timestamp":"2021-05-31 02:56:43"}
{"message":"undefined - API Server Start At Port 3000","level":"info","timestamp":"2021-05-31 02:57:07"}
{"message":"App - insertSearch Service error\n: Subquery returns more than 1 row","level":"error","timestamp":"2021-05-31 02:57:14"}
{"message":"undefined - API Server Start At Port 3000","level":"info","timestamp":"2021-05-31 03:01:44"}
{"message":"undefined - API Server Start At Port 3000","level":"info","timestamp":"2021-05-31 03:02:56"}
{"message":"undefined - API Server Start At Port 3000","level":"info","timestamp":"2021-05-31 03:02:59"}
{"message":"undefined - API Server Start At Port 3000","level":"info","timestamp":"2021-05-31 03:03:04"}
{"message":"undefined - API Server Start At Port 3000","level":"info","timestamp":"2021-05-31 03:03:09"}
{"message":"undefined - API Server Start At Port 3000","level":"info","timestamp":"2021-05-31 03:03:12"}
{"message":"undefined - API Server Start At Port 3000","level":"info","timestamp":"2021-05-31 03:03:18"}
{"message":"undefined - API Server Start At Port 3000","level":"info","timestamp":"2021-05-31 03:27:10"}
{"message":"undefined - API Server Start At Port 3000","level":"info","timestamp":"2021-05-31 03:27:14"}
{"message":"undefined - API Server Start At Port 3000","level":"info","timestamp":"2021-05-31 03:27:17"}
{"message":"undefined - API Server Start At Port 3000","level":"info","timestamp":"2021-05-31 03:38:35"}
{"message":"undefined - API Server Start At Port 3000","level":"info","timestamp":"2021-05-31 03:38:39"}
{"message":"undefined - API Server Start At Port 3000","level":"info","timestamp":"2021-05-31 03:38:45"}
{"message":"undefined - API Server Start At Port 3000","level":"info","timestamp":"2021-05-31 03:38:48"}
{"message":"undefined - API Server Start At Port 3000","level":"info","timestamp":"2021-05-31 03:38:50"}
{"message":"undefined - API Server Start At Port 3000","level":"info","timestamp":"2021-05-31 03:38:52"}
{"message":"undefined - API Server Start At Port 3000","level":"info","timestamp":"2021-05-31 03:39:44"}
{"message":"undefined - API Server Start At Port 3000","level":"info","timestamp":"2021-05-31 13:25:49"}
{"message":"undefined - API Server Start At Port 3000","level":"info","timestamp":"2021-05-31 13:26:46"}
{"message":"undefined - API Server Start At Port 3000","level":"info","timestamp":"2021-05-31 13:26:54"}
{"message":"undefined - API Server Start At Port 3000","level":"info","timestamp":"2021-05-31 13:26:59"}
{"message":"undefined - API Server Start At Port 3000","level":"info","timestamp":"2021-05-31 13:27:42"}
{"message":"undefined - API Server Start At Port 3000","level":"info","timestamp":"2021-05-31 13:28:28"}
{"message":"undefined - API Server Start At Port 3000","level":"info","timestamp":"2021-05-31 13:28:36"}
{"message":"undefined - API Server Start At Port 3000","level":"info","timestamp":"2021-05-31 13:28:45"}
{"message":"undefined - API Server Start At Port 3000","level":"info","timestamp":"2021-05-31 13:30:47"}
{"message":"undefined - API Server Start At Port 3000","level":"info","timestamp":"2021-05-31 13:41:43"}
{"message":"undefined - API Server Start At Port 3000","level":"info","timestamp":"2021-05-31 13:43:51"}
{"message":"undefined - API Server Start At Port 3000","level":"info","timestamp":"2021-05-31 13:48:11"}
{"message":"undefined - API Server Start At Port 3000","level":"info","timestamp":"2021-05-31 13:48:14"}
{"message":"undefined - API Server Start At Port 3000","level":"info","timestamp":"2021-05-31 13:48:19"}
{"message":"undefined - API Server Start At Port 3000","level":"info","timestamp":"2021-05-31 14:00:09"}
{"message":"undefined - API Server Start At Port 3000","level":"info","timestamp":"2021-05-31 14:00:21"}
{"message":"undefined - API Server Start At Port 3000","level":"info","timestamp":"2021-05-31 14:00:31"}
{"message":"undefined - API Server Start At Port 3000","level":"info","timestamp":"2021-05-31 14:00:36"}
{"message":"undefined - API Server Start At Port 3000","level":"info","timestamp":"2021-05-31 14:04:24"}
{"message":"undefined - API Server Start At Port 3000","level":"info","timestamp":"2021-05-31 14:06:01"}
{"message":"undefined - API Server Start At Port 3000","level":"info","timestamp":"2021-05-31 14:06:05"}
{"message":"undefined - API Server Start At Port 3000","level":"info","timestamp":"2021-05-31 14:32:41"}
{"message":"undefined - API Server Start At Port 3000","level":"info","timestamp":"2021-05-31 14:32:47"}
{"message":"undefined - API Server Start At Port 3000","level":"info","timestamp":"2021-05-31 14:50:30"}
{"message":"undefined - API Server Start At Port 3000","level":"info","timestamp":"2021-05-31 14:53:39"}
{"message":"undefined - API Server Start At Port 3000","level":"info","timestamp":"2021-05-31 14:54:09"}
{"message":"undefined - API Server Start At Port 3000","level":"info","timestamp":"2021-05-31 14:54:27"}
{"message":"undefined - API Server Start At Port 3000","level":"info","timestamp":"2021-05-31 14:54:28"}
{"message":"undefined - API Server Start At Port 3000","level":"info","timestamp":"2021-05-31 14:54:35"}
{"message":"undefined - API Server Start At Port 3000","level":"info","timestamp":"2021-05-31 14:54:40"}
{"message":"undefined - API Server Start At Port 3000","level":"info","timestamp":"2021-05-31 14:54:56"}
{"message":"undefined - API Server Start At Port 3000","level":"info","timestamp":"2021-05-31 14:55:50"}
{"message":"undefined - API Server Start At Port 3000","level":"info","timestamp":"2021-05-31 14:57:11"}
{"message":"undefined - API Server Start At Port 3000","level":"info","timestamp":"2021-05-31 14:57:15"}
{"message":"undefined - API Server Start At Port 3000","level":"info","timestamp":"2021-05-31 14:57:27"}
{"message":"undefined - API Server Start At Port 3000","level":"info","timestamp":"2021-05-31 14:57:39"}
{"message":"undefined - API Server Start At Port 3000","level":"info","timestamp":"2021-05-31 14:58:02"}
{"message":"undefined - API Server Start At Port 3000","level":"info","timestamp":"2021-05-31 14:58:22"}
{"message":"undefined - API Server Start At Port 3000","level":"info","timestamp":"2021-05-31 14:58:31"}
{"message":"undefined - API Server Start At Port 3000","level":"info","timestamp":"2021-05-31 14:58:41"}
{"message":"undefined - API Server Start At Port 3000","level":"info","timestamp":"2021-05-31 14:58:50"}
{"message":"undefined - API Server Start At Port 3000","level":"info","timestamp":"2021-05-31 14:59:01"}
{"message":"undefined - API Server Start At Port 3000","level":"info","timestamp":"2021-05-31 14:59:14"}
{"message":"undefined - API Server Start At Port 3000","level":"info","timestamp":"2021-05-31 14:59:28"}
{"message":"undefined - API Server Start At Port 3000","level":"info","timestamp":"2021-05-31 14:59:58"}
{"message":"undefined - API Server Start At Port 3000","level":"info","timestamp":"2021-05-31 15:00:08"}
{"message":"undefined - API Server Start At Port 3000","level":"info","timestamp":"2021-05-31 15:00:17"}
{"message":"undefined - API Server Start At Port 3000","level":"info","timestamp":"2021-05-31 15:00:29"}
{"message":"undefined - API Server Start At Port 3000","level":"info","timestamp":"2021-05-31 15:00:37"}
{"message":"undefined - API Server Start At Port 3000","level":"info","timestamp":"2021-05-31 15:01:05"}
{"message":"undefined - API Server Start At Port 3000","level":"info","timestamp":"2021-05-31 15:01:16"}
{"message":"undefined - API Server Start At Port 3000","level":"info","timestamp":"2021-05-31 15:01:51"}
{"message":"undefined - API Server Start At Port 3000","level":"info","timestamp":"2021-05-31 15:02:03"}
{"message":"undefined - API Server Start At Port 3000","level":"info","timestamp":"2021-05-31 15:02:07"}
{"message":"undefined - API Server Start At Port 3000","level":"info","timestamp":"2021-05-31 15:02:14"}
{"message":"undefined - API Server Start At Port 3000","level":"info","timestamp":"2021-05-31 15:03:22"}
{"message":"undefined - API Server Start At Port 3000","level":"info","timestamp":"2021-05-31 15:04:23"}
{"message":"undefined - API Server Start At Port 3000","level":"info","timestamp":"2021-05-31 15:04:30"}
{"message":"undefined - API Server Start At Port 3000","level":"info","timestamp":"2021-05-31 15:04:38"}
{"message":"undefined - API Server Start At Port 3000","level":"info","timestamp":"2021-05-31 15:04:46"}
{"message":"undefined - API Server Start At Port 3000","level":"info","timestamp":"2021-05-31 15:05:00"}
{"message":"undefined - API Server Start At Port 3000","level":"info","timestamp":"2021-05-31 15:05:03"}
{"message":"undefined - API Server Start At Port 3000","level":"info","timestamp":"2021-05-31 15:05:40"}
{"message":"undefined - API Server Start At Port 3000","level":"info","timestamp":"2021-05-31 15:05:50"}
{"message":"undefined - API Server Start At Port 3000","level":"info","timestamp":"2021-05-31 15:05:59"}
{"message":"undefined - API Server Start At Port 3000","level":"info","timestamp":"2021-05-31 15:06:14"}
{"message":"undefined - API Server Start At Port 3000","level":"info","timestamp":"2021-05-31 15:06:21"}
{"message":"undefined - API Server Start At Port 3000","level":"info","timestamp":"2021-05-31 15:06:33"}
{"message":"undefined - API Server Start At Port 3000","level":"info","timestamp":"2021-05-31 15:06:37"}
{"message":"undefined - API Server Start At Port 3000","level":"info","timestamp":"2021-05-31 15:06:46"}
{"message":"undefined - API Server Start At Port 3000","level":"info","timestamp":"2021-05-31 15:07:01"}
{"message":"undefined - API Server Start At Port 3000","level":"info","timestamp":"2021-05-31 15:08:01"}
{"message":"undefined - API Server Start At Port 3000","level":"info","timestamp":"2021-05-31 15:08:23"}
{"message":"undefined - API Server Start At Port 3000","level":"info","timestamp":"2021-05-31 15:08:31"}
{"message":"undefined - API Server Start At Port 3000","level":"info","timestamp":"2021-05-31 15:08:50"}
{"message":"undefined - API Server Start At Port 3000","level":"info","timestamp":"2021-05-31 15:08:55"}
{"message":"undefined - API Server Start At Port 3000","level":"info","timestamp":"2021-05-31 15:09:06"}
{"message":"undefined - API Server Start At Port 3000","level":"info","timestamp":"2021-05-31 15:09:16"}
{"message":"undefined - API Server Start At Port 3000","level":"info","timestamp":"2021-05-31 15:10:04"}
{"message":"undefined - API Server Start At Port 3000","level":"info","timestamp":"2021-05-31 15:10:46"}
{"message":"undefined - API Server Start At Port 3000","level":"info","timestamp":"2021-05-31 15:11:01"}
{"message":"undefined - API Server Start At Port 3000","level":"info","timestamp":"2021-05-31 15:11:15"}
{"message":"undefined - API Server Start At Port 3000","level":"info","timestamp":"2021-05-31 15:11:20"}
{"message":"undefined - API Server Start At Port 3000","level":"info","timestamp":"2021-05-31 15:11:58"}
{"message":"undefined - API Server Start At Port 3000","level":"info","timestamp":"2021-05-31 15:12:50"}
{"message":"undefined - API Server Start At Port 3000","level":"info","timestamp":"2021-05-31 15:12:58"}
{"message":"undefined - API Server Start At Port 3000","level":"info","timestamp":"2021-05-31 15:13:20"}
{"message":"undefined - API Server Start At Port 3000","level":"info","timestamp":"2021-05-31 15:13:26"}
{"message":"undefined - API Server Start At Port 3000","level":"info","timestamp":"2021-05-31 15:13:30"}
{"message":"undefined - API Server Start At Port 3000","level":"info","timestamp":"2021-05-31 15:13:46"}
{"message":"undefined - API Server Start At Port 3000","level":"info","timestamp":"2021-05-31 15:13:52"}
{"message":"undefined - API Server Start At Port 3000","level":"info","timestamp":"2021-05-31 15:14:02"}
{"message":"undefined - API Server Start At Port 3000","level":"info","timestamp":"2021-05-31 15:14:11"}
{"message":"undefined - API Server Start At Port 3000","level":"info","timestamp":"2021-05-31 15:14:58"}
{"message":"undefined - API Server Start At Port 3000","level":"info","timestamp":"2021-05-31 15:15:19"}
{"message":"undefined - API Server Start At Port 3000","level":"info","timestamp":"2021-05-31 15:15:23"}
{"message":"undefined - API Server Start At Port 3000","level":"info","timestamp":"2021-05-31 15:15:32"}
{"message":"undefined - API Server Start At Port 3000","level":"info","timestamp":"2021-05-31 15:15:45"}
{"message":"undefined - API Server Start At Port 3000","level":"info","timestamp":"2021-05-31 15:15:54"}
{"message":"undefined - API Server Start At Port 3000","level":"info","timestamp":"2021-05-31 15:16:02"}
{"message":"undefined - API Server Start At Port 3000","level":"info","timestamp":"2021-05-31 15:16:22"}
{"message":"undefined - API Server Start At Port 3000","level":"info","timestamp":"2021-05-31 15:16:27"}
{"message":"undefined - API Server Start At Port 3000","level":"info","timestamp":"2021-05-31 15:16:37"}
{"message":"undefined - API Server Start At Port 3000","level":"info","timestamp":"2021-05-31 15:16:46"}
{"message":"undefined - API Server Start At Port 3000","level":"info","timestamp":"2021-05-31 15:16:56"}
{"message":"undefined - API Server Start At Port 3000","level":"info","timestamp":"2021-05-31 15:17:02"}
{"message":"undefined - API Server Start At Port 3000","level":"info","timestamp":"2021-05-31 15:17:14"}
{"message":"undefined - API Server Start At Port 3000","level":"info","timestamp":"2021-05-31 15:18:05"}
{"message":"undefined - API Server Start At Port 3000","level":"info","timestamp":"2021-05-31 15:18:35"}
{"message":"undefined - API Server Start At Port 3000","level":"info","timestamp":"2021-05-31 15:18:55"}
{"message":"undefined - API Server Start At Port 3000","level":"info","timestamp":"2021-05-31 15:19:18"}
{"message":"undefined - API Server Start At Port 3000","level":"info","timestamp":"2021-05-31 15:19:40"}
{"message":"undefined - API Server Start At Port 3000","level":"info","timestamp":"2021-05-31 15:20:08"}
{"message":"undefined - API Server Start At Port 3000","level":"info","timestamp":"2021-05-31 15:20:17"}
{"message":"undefined - API Server Start At Port 3000","level":"info","timestamp":"2021-05-31 15:20:30"}
{"message":"undefined - API Server Start At Port 3000","level":"info","timestamp":"2021-05-31 15:20:53"}
{"message":"undefined - API Server Start At Port 3000","level":"info","timestamp":"2021-05-31 15:20:56"}
{"message":"undefined - API Server Start At Port 3000","level":"info","timestamp":"2021-05-31 15:24:43"}
{"message":"undefined - API Server Start At Port 3000","level":"info","timestamp":"2021-05-31 16:28:45"}
{"message":"undefined - API Server Start At Port 3000","level":"info","timestamp":"2021-05-31 16:28:51"}
{"message":"undefined - API Server Start At Port 3000","level":"info","timestamp":"2021-05-31 16:29:03"}
{"message":"undefined - API Server Start At Port 3000","level":"info","timestamp":"2021-05-31 16:29:17"}
{"message":"undefined - API Server Start At Port 3000","level":"info","timestamp":"2021-05-31 16:29:28"}
{"message":"undefined - API Server Start At Port 3000","level":"info","timestamp":"2021-05-31 16:29:48"}
{"message":"undefined - API Server Start At Port 3000","level":"info","timestamp":"2021-05-31 16:30:22"}
{"message":"undefined - API Server Start At Port 3000","level":"info","timestamp":"2021-05-31 16:39:59"}
{"message":"undefined - API Server Start At Port 3000","level":"info","timestamp":"2021-05-31 16:40:27"}
{"message":"undefined - API Server Start At Port 3000","level":"info","timestamp":"2021-05-31 16:40:40"}
{"message":"undefined - API Server Start At Port 3000","level":"info","timestamp":"2021-05-31 16:40:50"}
{"message":"undefined - API Server Start At Port 3000","level":"info","timestamp":"2021-05-31 16:41:14"}
{"message":"undefined - API Server Start At Port 3000","level":"info","timestamp":"2021-05-31 16:42:06"}
{"message":"undefined - API Server Start At Port 3000","level":"info","timestamp":"2021-05-31 16:42:12"}
{"message":"undefined - API Server Start At Port 3000","level":"info","timestamp":"2021-05-31 16:42:22"}
{"message":"undefined - API Server Start At Port 3000","level":"info","timestamp":"2021-05-31 16:42:27"}
{"message":"undefined - API Server Start At Port 3000","level":"info","timestamp":"2021-05-31 16:42:41"}
{"message":"undefined - API Server Start At Port 3000","level":"info","timestamp":"2021-05-31 16:44:07"}
{"message":"undefined - API Server Start At Port 3000","level":"info","timestamp":"2021-05-31 16:44:22"}
{"message":"undefined - API Server Start At Port 3000","level":"info","timestamp":"2021-05-31 16:44:43"}
{"message":"undefined - API Server Start At Port 3000","level":"info","timestamp":"2021-05-31 16:44:58"}
{"message":"undefined - API Server Start At Port 3000","level":"info","timestamp":"2021-05-31 16:45:02"}
{"message":"undefined - API Server Start At Port 3000","level":"info","timestamp":"2021-05-31 16:45:16"}
{"message":"undefined - API Server Start At Port 3000","level":"info","timestamp":"2021-05-31 16:45:26"}
{"message":"undefined - API Server Start At Port 3000","level":"info","timestamp":"2021-05-31 16:45:42"}
{"message":"undefined - API Server Start At Port 3000","level":"info","timestamp":"2021-05-31 16:45:52"}
{"message":"undefined - API Server Start At Port 3000","level":"info","timestamp":"2021-05-31 16:46:15"}
{"message":"undefined - API Server Start At Port 3000","level":"info","timestamp":"2021-05-31 16:46:29"}
{"message":"undefined - API Server Start At Port 3000","level":"info","timestamp":"2021-05-31 17:02:34"}
{"message":"undefined - API Server Start At Port 3000","level":"info","timestamp":"2021-05-31 17:28:13"}
{"message":"undefined - API Server Start At Port 3000","level":"info","timestamp":"2021-05-31 17:30:03"}
{"message":"undefined - API Server Start At Port 3000","level":"info","timestamp":"2021-05-31 17:30:15"}
{"message":"undefined - API Server Start At Port 3000","level":"info","timestamp":"2021-05-31 17:30:57"}
{"message":"undefined - API Server Start At Port 3000","level":"info","timestamp":"2021-05-31 17:31:06"}
{"message":"undefined - API Server Start At Port 3000","level":"info","timestamp":"2021-05-31 17:31:12"}
{"message":"undefined - API Server Start At Port 3000","level":"info","timestamp":"2021-05-31 17:32:00"}
{"message":"undefined - API Server Start At Port 3000","level":"info","timestamp":"2021-05-31 17:38:14"}
{"message":"undefined - API Server Start At Port 3000","level":"info","timestamp":"2021-05-31 17:38:25"}
{"message":"undefined - API Server Start At Port 3000","level":"info","timestamp":"2021-05-31 17:45:27"}
{"message":"undefined - API Server Start At Port 3000","level":"info","timestamp":"2021-05-31 17:45:32"}
{"message":"undefined - API Server Start At Port 3000","level":"info","timestamp":"2021-05-31 17:45:42"}
{"message":"undefined - API Server Start At Port 3000","level":"info","timestamp":"2021-05-31 17:48:08"}
{"message":"undefined - API Server Start At Port 3000","level":"info","timestamp":"2021-05-31 17:48:15"}
{"message":"undefined - API Server Start At Port 3000","level":"info","timestamp":"2021-05-31 17:48:37"}
{"message":"undefined - API Server Start At Port 3000","level":"info","timestamp":"2021-05-31 17:48:46"}
{"message":"undefined - API Server Start At Port 3000","level":"info","timestamp":"2021-05-31 17:49:06"}
{"message":"undefined - API Server Start At Port 3000","level":"info","timestamp":"2021-05-31 17:50:27"}
{"message":"undefined - API Server Start At Port 3000","level":"info","timestamp":"2021-05-31 17:51:03"}
{"message":"undefined - API Server Start At Port 3000","level":"info","timestamp":"2021-05-31 17:51:14"}
{"message":"undefined - API Server Start At Port 3000","level":"info","timestamp":"2021-05-31 17:51:27"}
{"message":"undefined - API Server Start At Port 3000","level":"info","timestamp":"2021-05-31 17:51:43"}
{"message":"undefined - API Server Start At Port 3000","level":"info","timestamp":"2021-05-31 17:52:02"}
{"message":"undefined - API Server Start At Port 3000","level":"info","timestamp":"2021-05-31 17:52:18"}
{"message":"undefined - API Server Start At Port 3000","level":"info","timestamp":"2021-05-31 17:52:54"}
{"message":"undefined - API Server Start At Port 3000","level":"info","timestamp":"2021-05-31 17:54:03"}
{"message":"undefined - API Server Start At Port 3000","level":"info","timestamp":"2021-05-31 17:55:09"}
{"message":"undefined - API Server Start At Port 3000","level":"info","timestamp":"2021-05-31 18:00:53"}
{"message":"undefined - API Server Start At Port 3000","level":"info","timestamp":"2021-05-31 18:02:48"}
{"message":"undefined - API Server Start At Port 3000","level":"info","timestamp":"2021-05-31 18:03:03"}
{"message":"undefined - API Server Start At Port 3000","level":"info","timestamp":"2021-05-31 18:05:20"}
{"message":"undefined - API Server Start At Port 3000","level":"info","timestamp":"2021-05-31 18:06:04"}
{"message":"undefined - API Server Start At Port 3000","level":"info","timestamp":"2021-05-31 18:06:15"}
{"message":"undefined - API Server Start At Port 3000","level":"info","timestamp":"2021-05-31 18:06:28"}
{"message":"undefined - API Server Start At Port 3000","level":"info","timestamp":"2021-05-31 18:06:36"}
{"message":"undefined - API Server Start At Port 3000","level":"info","timestamp":"2021-05-31 18:06:44"}
{"message":"undefined - API Server Start At Port 3000","level":"info","timestamp":"2021-05-31 18:06:58"}
{"message":"undefined - API Server Start At Port 3000","level":"info","timestamp":"2021-05-31 18:08:28"}
{"message":"undefined - API Server Start At Port 3000","level":"info","timestamp":"2021-05-31 18:08:32"}
{"message":"undefined - API Server Start At Port 3000","level":"info","timestamp":"2021-05-31 18:08:45"}
{"message":"undefined - API Server Start At Port 3000","level":"info","timestamp":"2021-05-31 18:09:41"}
{"message":"undefined - API Server Start At Port 3000","level":"info","timestamp":"2021-05-31 18:10:10"}
{"message":"undefined - API Server Start At Port 3000","level":"info","timestamp":"2021-05-31 18:10:16"}
{"message":"undefined - API Server Start At Port 3000","level":"info","timestamp":"2021-05-31 18:12:27"}
{"message":"undefined - API Server Start At Port 3000","level":"info","timestamp":"2021-05-31 18:12:41"}
{"message":"undefined - API Server Start At Port 3000","level":"info","timestamp":"2021-05-31 18:12:51"}
{"message":"undefined - API Server Start At Port 3000","level":"info","timestamp":"2021-05-31 18:13:09"}
{"message":"undefined - API Server Start At Port 3000","level":"info","timestamp":"2021-05-31 18:17:06"}
{"message":"undefined - API Server Start At Port 3000","level":"info","timestamp":"2021-05-31 18:22:28"}
{"message":"undefined - API Server Start At Port 3000","level":"info","timestamp":"2021-05-31 18:22:58"}
{"message":"undefined - API Server Start At Port 3000","level":"info","timestamp":"2021-05-31 18:23:03"}
{"message":"undefined - API Server Start At Port 3000","level":"info","timestamp":"2021-05-31 18:23:15"}
{"message":"undefined - API Server Start At Port 3000","level":"info","timestamp":"2021-05-31 18:23:20"}
{"message":"undefined - API Server Start At Port 3000","level":"info","timestamp":"2021-05-31 18:23:37"}
{"message":"undefined - API Server Start At Port 3000","level":"info","timestamp":"2021-05-31 18:23:55"}
{"message":"undefined - API Server Start At Port 3000","level":"info","timestamp":"2021-05-31 18:24:21"}
{"message":"undefined - API Server Start At Port 3000","level":"info","timestamp":"2021-05-31 18:24:59"}
{"message":"undefined - API Server Start At Port 3000","level":"info","timestamp":"2021-05-31 18:25:08"}
{"message":"undefined - API Server Start At Port 3000","level":"info","timestamp":"2021-05-31 18:25:13"}
{"message":"undefined - API Server Start At Port 3000","level":"info","timestamp":"2021-05-31 18:25:18"}
{"message":"undefined - API Server Start At Port 3000","level":"info","timestamp":"2021-05-31 18:25:37"}
{"message":"undefined - API Server Start At Port 3000","level":"info","timestamp":"2021-05-31 18:25:39"}
{"message":"undefined - API Server Start At Port 3000","level":"info","timestamp":"2021-05-31 18:27:38"}
{"message":"undefined - API Server Start At Port 3000","level":"info","timestamp":"2021-05-31 18:27:40"}
{"message":"undefined - API Server Start At Port 3000","level":"info","timestamp":"2021-05-31 18:27:57"}
{"message":"undefined - API Server Start At Port 3000","level":"info","timestamp":"2021-05-31 18:30:13"}
{"message":"undefined - API Server Start At Port 3000","level":"info","timestamp":"2021-05-31 18:48:33"}
{"message":"undefined - API Server Start At Port 3000","level":"info","timestamp":"2021-05-31 18:48:55"}
{"message":"undefined - API Server Start At Port 3000","level":"info","timestamp":"2021-05-31 18:49:23"}
{"message":"undefined - API Server Start At Port 3000","level":"info","timestamp":"2021-05-31 19:12:00"}
{"message":"undefined - API Server Start At Port 3000","level":"info","timestamp":"2021-05-31 19:12:02"}
{"message":"undefined - API Server Start At Port 3000","level":"info","timestamp":"2021-05-31 19:13:43"}
{"message":"undefined - API Server Start At Port 3000","level":"info","timestamp":"2021-05-31 19:13:47"}
{"message":"undefined - API Server Start At Port 3000","level":"info","timestamp":"2021-05-31 19:41:53"}
{"message":"undefined - API Server Start At Port 3000","level":"info","timestamp":"2021-05-31 19:41:55"}
{"message":"undefined - API Server Start At Port 3000","level":"info","timestamp":"2021-05-31 19:42:01"}
{"message":"undefined - API Server Start At Port 3000","level":"info","timestamp":"2021-05-31 19:45:38"}
{"message":"undefined - API Server Start At Port 3000","level":"info","timestamp":"2021-05-31 19:46:12"}
{"message":"undefined - API Server Start At Port 3000","level":"info","timestamp":"2021-05-31 19:46:21"}
{"message":"undefined - API Server Start At Port 3000","level":"info","timestamp":"2021-05-31 20:06:19"}
{"message":"undefined - API Server Start At Port 3000","level":"info","timestamp":"2021-05-31 20:35:06"}
{"message":"undefined - API Server Start At Port 3000","level":"info","timestamp":"2021-05-31 20:35:18"}
{"message":"undefined - API Server Start At Port 3000","level":"info","timestamp":"2021-05-31 20:35:53"}
{"message":"undefined - API Server Start At Port 3000","level":"info","timestamp":"2021-05-31 20:35:56"}
{"message":"undefined - API Server Start At Port 3000","level":"info","timestamp":"2021-05-31 20:35:59"}
{"message":"undefined - API Server Start At Port 3000","level":"info","timestamp":"2021-05-31 20:36:11"}
{"message":"undefined - API Server Start At Port 3000","level":"info","timestamp":"2021-05-31 20:40:40"}
{"message":"undefined - API Server Start At Port 3000","level":"info","timestamp":"2021-05-31 20:45:40"}
{"message":"undefined - API Server Start At Port 3000","level":"info","timestamp":"2021-05-31 20:45:59"}
{"message":"undefined - API Server Start At Port 3000","level":"info","timestamp":"2021-05-31 20:52:56"}
{"message":"undefined - API Server Start At Port 3000","level":"info","timestamp":"2021-05-31 20:53:18"}
{"message":"undefined - API Server Start At Port 3000","level":"info","timestamp":"2021-05-31 20:53:57"}
{"message":"undefined - API Server Start At Port 3000","level":"info","timestamp":"2021-05-31 21:30:00"}
{"message":"undefined - API Server Start At Port 3000","level":"info","timestamp":"2021-05-31 21:30:12"}
{"message":"undefined - API Server Start At Port 3000","level":"info","timestamp":"2021-05-31 21:30:17"}
{"message":"undefined - API Server Start At Port 3000","level":"info","timestamp":"2021-05-31 21:30:21"}
{"message":"undefined - API Server Start At Port 3000","level":"info","timestamp":"2021-05-31 21:30:26"}
{"message":"undefined - API Server Start At Port 3000","level":"info","timestamp":"2021-05-31 21:30:30"}
{"message":"undefined - API Server Start At Port 3000","level":"info","timestamp":"2021-05-31 21:32:10"}
{"message":"undefined - API Server Start At Port 3000","level":"info","timestamp":"2021-05-31 21:32:21"}
{"message":"undefined - API Server Start At Port 3000","level":"info","timestamp":"2021-05-31 21:33:10"}
{"message":"undefined - API Server Start At Port 3000","level":"info","timestamp":"2021-05-31 21:33:17"}
{"message":"undefined - API Server Start At Port 3000","level":"info","timestamp":"2021-05-31 21:33:22"}
{"message":"undefined - API Server Start At Port 3000","level":"info","timestamp":"2021-05-31 21:33:26"}
{"message":"undefined - API Server Start At Port 3000","level":"info","timestamp":"2021-05-31 21:33:30"}
{"message":"undefined - API Server Start At Port 3000","level":"info","timestamp":"2021-05-31 21:44:15"}
{"message":"undefined - API Server Start At Port 3000","level":"info","timestamp":"2021-05-31 21:44:22"}
{"message":"undefined - API Server Start At Port 3000","level":"info","timestamp":"2021-05-31 21:45:41"}
{"message":"undefined - API Server Start At Port 3000","level":"info","timestamp":"2021-05-31 22:02:06"}
{"message":"undefined - API Server Start At Port 3000","level":"info","timestamp":"2021-05-31 22:02:14"}
{"message":"undefined - API Server Start At Port 3000","level":"info","timestamp":"2021-05-31 22:03:23"}
{"message":"undefined - API Server Start At Port 3000","level":"info","timestamp":"2021-05-31 22:03:28"}
{"message":"undefined - API Server Start At Port 3000","level":"info","timestamp":"2021-05-31 23:05:33"}
{"message":"undefined - API Server Start At Port 3000","level":"info","timestamp":"2021-05-31 23:05:38"}
{"message":"undefined - API Server Start At Port 3000","level":"info","timestamp":"2021-05-31 23:11:00"}
{"message":"undefined - API Server Start At Port 3000","level":"info","timestamp":"2021-05-31 23:11:08"}
{"message":"undefined - API Server Start At Port 3000","level":"info","timestamp":"2021-05-31 23:29:50"}
{"message":"undefined - API Server Start At Port 3000","level":"info","timestamp":"2021-05-31 23:31:47"}
{"message":"undefined - API Server Start At Port 3000","level":"info","timestamp":"2021-05-31 23:31:51"}
{"message":"undefined - API Server Start At Port 3000","level":"info","timestamp":"2021-05-31 23:32:44"}
{"message":"undefined - API Server Start At Port 3000","level":"info","timestamp":"2021-05-31 23:34:51"}
{"message":"undefined - API Server Start At Port 3000","level":"info","timestamp":"2021-05-31 23:35:01"}
{"message":"undefined - API Server Start At Port 3000","level":"info","timestamp":"2021-05-31 23:35:06"}
{"message":"undefined - API Server Start At Port 3000","level":"info","timestamp":"2021-05-31 23:36:15"}
{"message":"undefined - API Server Start At Port 3000","level":"info","timestamp":"2021-05-31 23:36:19"}
{"message":"undefined - API Server Start At Port 3000","level":"info","timestamp":"2021-05-31 23:36:35"}
{"message":"undefined - API Server Start At Port 3000","level":"info","timestamp":"2021-05-31 23:36:38"}
{"message":"undefined - API Server Start At Port 3000","level":"info","timestamp":"2021-05-31 23:36:40"}
{"message":"undefined - API Server Start At Port 3000","level":"info","timestamp":"2021-05-31 23:36:46"}
{"message":"undefined - API Server Start At Port 3000","level":"info","timestamp":"2021-05-31 23:37:14"}
{"message":"undefined - API Server Start At Port 3000","level":"info","timestamp":"2021-05-31 23:37:38"}
{"message":"undefined - API Server Start At Port 3000","level":"info","timestamp":"2021-05-31 23:37:39"}
{"message":"undefined - API Server Start At Port 3000","level":"info","timestamp":"2021-05-31 23:44:27"}
{"message":"undefined - API Server Start At Port 3000","level":"info","timestamp":"2021-05-31 23:46:53"}
{"message":"undefined - API Server Start At Port 3000","level":"info","timestamp":"2021-05-31 23:47:31"}
{"message":"undefined - API Server Start At Port 3000","level":"info","timestamp":"2021-05-31 23:49:34"}
{"message":"undefined - API Server Start At Port 3000","level":"info","timestamp":"2021-05-31 23:49:40"}
{"message":"undefined - API Server Start At Port 3000","level":"info","timestamp":"2021-05-31 23:49:47"}
{"message":"undefined - API Server Start At Port 3000","level":"info","timestamp":"2021-05-31 23:50:05"}
{"message":"undefined - API Server Start At Port 3000","level":"info","timestamp":"2021-05-31 23:50:25"}
{"message":"undefined - API Server Start At Port 3000","level":"info","timestamp":"2021-05-31 23:52:02"}
{"message":"undefined - API Server Start At Port 3000","level":"info","timestamp":"2021-05-31 23:52:11"}
{"message":"undefined - API Server Start At Port 3000","level":"info","timestamp":"2021-05-31 23:52:34"}
{"message":"undefined - API Server Start At Port 3000","level":"info","timestamp":"2021-05-31 23:52:45"}
{"message":"undefined - API Server Start At Port 3000","level":"info","timestamp":"2021-05-31 23:53:49"}
{"message":"undefined - API Server Start At Port 3000","level":"info","timestamp":"2021-05-31 23:54:02"}
{"message":"undefined - API Server Start At Port 3000","level":"info","timestamp":"2021-05-31 03:39:44"}

