{"message":"undefined - API Server Start At Port 3000","level":"info","timestamp":"2021-05-30 00:38:25"}
{"message":"undefined - API Server Start At Port 3000","level":"info","timestamp":"2021-05-30 00:40:42"}
{"message":"undefined - API Server Start At Port 3000","level":"info","timestamp":"2021-05-30 00:41:56"}
{"message":"undefined - API Server Start At Port 3000","level":"info","timestamp":"2021-05-30 00:42:33"}
{"message":"undefined - API Server Start At Port 3000","level":"info","timestamp":"2021-05-30 00:44:06"}
{"message":"App - createUser Service error\n: userDao.insertPhoneUser is not a function","level":"error","timestamp":"2021-05-30 00:44:08"}
{"message":"undefined - API Server Start At Port 3000","level":"info","timestamp":"2021-05-30 00:44:39"}
{"message":"undefined - API Server Start At Port 3000","level":"info","timestamp":"2021-05-30 00:46:00"}
{"message":"undefined - API Server Start At Port 3000","level":"info","timestamp":"2021-05-30 00:46:23"}
{"message":"undefined - API Server Start At Port 3000","level":"info","timestamp":"2021-05-30 01:01:10"}
{"message":"undefined - API Server Start At Port 3000","level":"info","timestamp":"2021-05-30 01:01:39"}
{"message":"undefined - API Server Start At Port 3000","level":"info","timestamp":"2021-05-30 01:02:23"}
{"message":"undefined - API Server Start At Port 3000","level":"info","timestamp":"2021-05-30 01:02:56"}
{"message":"undefined - API Server Start At Port 3000","level":"info","timestamp":"2021-05-30 01:03:39"}
{"message":"undefined - API Server Start At Port 3000","level":"info","timestamp":"2021-05-30 09:12:00"}
{"message":"undefined - API Server Start At Port 3000","level":"info","timestamp":"2021-05-30 09:12:24"}
{"message":"undefined - API Server Start At Port 3000","level":"info","timestamp":"2021-05-30 09:12:31"}
{"message":"undefined - API Server Start At Port 3000","level":"info","timestamp":"2021-05-30 09:16:42"}
{"message":"undefined - API Server Start At Port 3000","level":"info","timestamp":"2021-05-30 09:18:07"}
{"message":"undefined - API Server Start At Port 3000","level":"info","timestamp":"2021-05-30 09:18:56"}
{"message":"undefined - API Server Start At Port 3000","level":"info","timestamp":"2021-05-30 09:24:37"}
{"message":"undefined - API Server Start At Port 3000","level":"info","timestamp":"2021-05-30 09:28:11"}
{"message":"undefined - API Server Start At Port 3000","level":"info","timestamp":"2021-05-30 09:33:05"}
{"message":"App - EmailVerify Service error\n: You have an error in your SQL syntax; check the manual that corresponds to your MySQL server version for the right syntax to use near 'when TIMESTAMPDIFF(Hour, updatedAt, current_timestamp()) > 24\n                  ' at line 1","level":"error","timestamp":"2021-05-30 13:58:58"}
{"message":"undefined - API Server Start At Port 3000","level":"info","timestamp":"2021-05-30 13:26:40"}
{"message":"undefined - API Server Start At Port 3000","level":"info","timestamp":"2021-05-30 13:28:16"}
{"message":"undefined - API Server Start At Port 3000","level":"info","timestamp":"2021-05-30 13:28:51"}
{"message":"undefined - API Server Start At Port 3000","level":"info","timestamp":"2021-05-30 13:36:45"}
{"message":"undefined - API Server Start At Port 3000","level":"info","timestamp":"2021-05-30 13:37:10"}
{"message":"undefined - API Server Start At Port 3000","level":"info","timestamp":"2021-05-30 13:37:19"}
{"message":"undefined - API Server Start At Port 3000","level":"info","timestamp":"2021-05-30 13:50:43"}
{"message":"undefined - API Server Start At Port 3000","level":"info","timestamp":"2021-05-30 13:55:50"}
{"message":"undefined - API Server Start At Port 3000","level":"info","timestamp":"2021-05-30 13:56:10"}
{"message":"undefined - API Server Start At Port 3000","level":"info","timestamp":"2021-05-30 13:56:34"}
{"message":"undefined - API Server Start At Port 3000","level":"info","timestamp":"2021-05-30 13:57:05"}
{"message":"undefined - API Server Start At Port 3000","level":"info","timestamp":"2021-05-30 13:57:12"}
{"message":"undefined - API Server Start At Port 3000","level":"info","timestamp":"2021-05-30 15:00:20"}
{"message":"undefined - API Server Start At Port 3000","level":"info","timestamp":"2021-05-30 16:32:10"}
{"message":"undefined - API Server Start At Port 3000","level":"info","timestamp":"2021-05-30 16:32:46"}
{"message":"undefined - API Server Start At Port 3000","level":"info","timestamp":"2021-05-30 17:04:12"}
{"message":"undefined - API Server Start At Port 3000","level":"info","timestamp":"2021-05-30 17:10:02"}
{"message":"undefined - API Server Start At Port 3000","level":"info","timestamp":"2021-05-30 17:15:26"}
{"message":"undefined - API Server Start At Port 3000","level":"info","timestamp":"2021-05-30 17:15:39"}
{"message":"undefined - API Server Start At Port 3000","level":"info","timestamp":"2021-05-30 17:16:07"}
{"message":"undefined - API Server Start At Port 3000","level":"info","timestamp":"2021-05-30 17:16:24"}
{"message":"undefined - API Server Start At Port 3000","level":"info","timestamp":"2021-05-30 17:16:49"}
{"message":"undefined - API Server Start At Port 3000","level":"info","timestamp":"2021-05-30 17:17:10"}
{"message":"undefined - API Server Start At Port 3000","level":"info","timestamp":"2021-05-30 17:17:31"}
{"message":"undefined - API Server Start At Port 3000","level":"info","timestamp":"2021-05-30 17:17:33"}
{"message":"undefined - API Server Start At Port 3000","level":"info","timestamp":"2021-05-30 17:17:50"}
{"message":"undefined - API Server Start At Port 3000","level":"info","timestamp":"2021-05-30 17:18:22"}
{"message":"undefined - API Server Start At Port 3000","level":"info","timestamp":"2021-05-30 17:18:27"}
{"message":"undefined - API Server Start At Port 3000","level":"info","timestamp":"2021-05-30 17:18:40"}
{"message":"undefined - API Server Start At Port 3000","level":"info","timestamp":"2021-05-30 17:18:42"}
{"message":"undefined - API Server Start At Port 3000","level":"info","timestamp":"2021-05-30 17:19:15"}
{"message":"undefined - API Server Start At Port 3000","level":"info","timestamp":"2021-05-30 17:19:18"}
{"message":"undefined - API Server Start At Port 3000","level":"info","timestamp":"2021-05-30 17:19:27"}
{"message":"undefined - API Server Start At Port 3000","level":"info","timestamp":"2021-05-30 17:20:33"}
{"message":"undefined - API Server Start At Port 3000","level":"info","timestamp":"2021-05-30 17:20:35"}
{"message":"undefined - API Server Start At Port 3000","level":"info","timestamp":"2021-05-30 17:21:05"}
{"message":"undefined - API Server Start At Port 3000","level":"info","timestamp":"2021-05-30 17:21:38"}
{"message":"undefined - API Server Start At Port 3000","level":"info","timestamp":"2021-05-30 17:21:48"}
{"message":"undefined - API Server Start At Port 3000","level":"info","timestamp":"2021-05-30 17:22:14"}
{"message":"undefined - API Server Start At Port 3000","level":"info","timestamp":"2021-05-30 17:23:05"}
{"message":"undefined - API Server Start At Port 3000","level":"info","timestamp":"2021-05-30 17:24:00"}
{"message":"undefined - API Server Start At Port 3000","level":"info","timestamp":"2021-05-30 17:24:02"}
{"message":"undefined - API Server Start At Port 3000","level":"info","timestamp":"2021-05-30 17:24:05"}
{"message":"undefined - API Server Start At Port 3000","level":"info","timestamp":"2021-05-30 17:24:12"}
{"message":"undefined - API Server Start At Port 3000","level":"info","timestamp":"2021-05-30 17:24:27"}
{"message":"undefined - API Server Start At Port 3000","level":"info","timestamp":"2021-05-30 17:24:32"}
{"message":"undefined - API Server Start At Port 3000","level":"info","timestamp":"2021-05-30 17:25:49"}
{"message":"undefined - API Server Start At Port 3000","level":"info","timestamp":"2021-05-30 17:27:27"}
{"message":"undefined - API Server Start At Port 3000","level":"info","timestamp":"2021-05-30 17:27:38"}
{"message":"undefined - API Server Start At Port 3000","level":"info","timestamp":"2021-05-30 17:27:46"}
{"message":"undefined - API Server Start At Port 3000","level":"info","timestamp":"2021-05-30 17:28:20"}
{"message":"undefined - API Server Start At Port 3000","level":"info","timestamp":"2021-05-30 17:33:22"}
{"message":"undefined - API Server Start At Port 3000","level":"info","timestamp":"2021-05-30 17:33:38"}
{"message":"undefined - API Server Start At Port 3000","level":"info","timestamp":"2021-05-30 17:33:42"}
{"message":"undefined - API Server Start At Port 3000","level":"info","timestamp":"2021-05-30 17:33:46"}
{"message":"undefined - API Server Start At Port 3000","level":"info","timestamp":"2021-05-30 17:33:58"}
{"message":"undefined - API Server Start At Port 3000","level":"info","timestamp":"2021-05-30 17:34:10"}
{"message":"undefined - API Server Start At Port 3000","level":"info","timestamp":"2021-05-30 17:34:31"}
{"message":"undefined - API Server Start At Port 3000","level":"info","timestamp":"2021-05-30 17:36:08"}
{"message":"undefined - API Server Start At Port 3000","level":"info","timestamp":"2021-05-30 17:36:15"}
{"message":"undefined - API Server Start At Port 3000","level":"info","timestamp":"2021-05-30 17:36:52"}
{"message":"undefined - API Server Start At Port 3000","level":"info","timestamp":"2021-05-30 17:38:51"}
{"message":"undefined - API Server Start At Port 3000","level":"info","timestamp":"2021-05-30 17:38:58"}
{"message":"undefined - API Server Start At Port 3000","level":"info","timestamp":"2021-05-30 17:39:01"}
{"message":"undefined - API Server Start At Port 3000","level":"info","timestamp":"2021-05-30 17:40:29"}
{"message":"undefined - API Server Start At Port 3000","level":"info","timestamp":"2021-05-30 17:40:41"}
{"message":"undefined - API Server Start At Port 3000","level":"info","timestamp":"2021-05-30 17:41:47"}
{"message":"undefined - API Server Start At Port 3000","level":"info","timestamp":"2021-05-30 17:46:41"}
{"message":"undefined - API Server Start At Port 3000","level":"info","timestamp":"2021-05-30 17:49:14"}
{"message":"undefined - API Server Start At Port 3000","level":"info","timestamp":"2021-05-30 17:49:20"}
{"message":"undefined - API Server Start At Port 3000","level":"info","timestamp":"2021-05-30 18:16:19"}
{"message":"undefined - API Server Start At Port 3000","level":"info","timestamp":"2021-05-30 18:16:23"}
{"message":"undefined - API Server Start At Port 3000","level":"info","timestamp":"2021-05-30 18:23:08"}
{"message":"undefined - API Server Start At Port 3000","level":"info","timestamp":"2021-05-30 18:23:19"}
{"message":"undefined - API Server Start At Port 3000","level":"info","timestamp":"2021-05-30 18:23:26"}
{"message":"undefined - API Server Start At Port 3000","level":"info","timestamp":"2021-05-30 18:23:29"}
{"message":"undefined - API Server Start At Port 3000","level":"info","timestamp":"2021-05-30 18:28:56"}
{"message":"undefined - API Server Start At Port 3000","level":"info","timestamp":"2021-05-30 18:29:00"}
{"message":"undefined - API Server Start At Port 3000","level":"info","timestamp":"2021-05-30 18:31:36"}
{"message":"undefined - API Server Start At Port 3000","level":"info","timestamp":"2021-05-30 18:31:51"}
{"message":"undefined - API Server Start At Port 3000","level":"info","timestamp":"2021-05-30 18:34:52"}
{"message":"undefined - API Server Start At Port 3000","level":"info","timestamp":"2021-05-30 18:35:04"}
{"message":"undefined - API Server Start At Port 3000","level":"info","timestamp":"2021-05-30 18:35:19"}
{"message":"undefined - API Server Start At Port 3000","level":"info","timestamp":"2021-05-30 18:35:25"}
{"message":"undefined - API Server Start At Port 3000","level":"info","timestamp":"2021-05-30 18:35:35"}
{"message":"undefined - API Server Start At Port 3000","level":"info","timestamp":"2021-05-30 18:39:15"}
{"message":"undefined - API Server Start At Port 3000","level":"info","timestamp":"2021-05-30 18:39:22"}
{"message":"undefined - API Server Start At Port 3000","level":"info","timestamp":"2021-05-30 18:39:34"}
{"message":"undefined - API Server Start At Port 3000","level":"info","timestamp":"2021-05-30 18:39:38"}
{"message":"undefined - API Server Start At Port 3000","level":"info","timestamp":"2021-05-30 18:39:46"}
{"message":"undefined - API Server Start At Port 3000","level":"info","timestamp":"2021-05-30 18:39:50"}
{"message":"undefined - API Server Start At Port 3000","level":"info","timestamp":"2021-05-30 18:39:56"}
{"message":"undefined - API Server Start At Port 3000","level":"info","timestamp":"2021-05-30 18:40:36"}
{"message":"undefined - API Server Start At Port 3000","level":"info","timestamp":"2021-05-30 18:40:50"}
{"message":"undefined - API Server Start At Port 3000","level":"info","timestamp":"2021-05-30 18:40:52"}
{"message":"undefined - API Server Start At Port 3000","level":"info","timestamp":"2021-05-30 18:40:57"}
{"message":"undefined - API Server Start At Port 3000","level":"info","timestamp":"2021-05-30 18:43:05"}
{"message":"undefined - API Server Start At Port 3000","level":"info","timestamp":"2021-05-30 18:45:10"}
{"message":"undefined - API Server Start At Port 3000","level":"info","timestamp":"2021-05-30 18:45:31"}
{"message":"undefined - API Server Start At Port 3000","level":"info","timestamp":"2021-05-30 18:45:56"}
{"message":"undefined - API Server Start At Port 3000","level":"info","timestamp":"2021-05-30 18:46:40"}
{"message":"undefined - API Server Start At Port 3000","level":"info","timestamp":"2021-05-30 18:47:16"}
{"message":"undefined - API Server Start At Port 3000","level":"info","timestamp":"2021-05-30 18:47:31"}
{"message":"undefined - API Server Start At Port 3000","level":"info","timestamp":"2021-05-30 18:47:43"}
{"message":"undefined - API Server Start At Port 3000","level":"info","timestamp":"2021-05-30 18:47:53"}
{"message":"undefined - API Server Start At Port 3000","level":"info","timestamp":"2021-05-30 18:48:07"}
{"message":"undefined - API Server Start At Port 3000","level":"info","timestamp":"2021-05-30 18:49:58"}
{"message":"undefined - API Server Start At Port 3000","level":"info","timestamp":"2021-05-30 18:50:05"}
{"message":"undefined - API Server Start At Port 3000","level":"info","timestamp":"2021-05-30 18:50:17"}
{"message":"undefined - API Server Start At Port 3000","level":"info","timestamp":"2021-05-30 18:50:37"}
{"message":"undefined - API Server Start At Port 3000","level":"info","timestamp":"2021-05-30 18:51:01"}
{"message":"undefined - API Server Start At Port 3000","level":"info","timestamp":"2021-05-30 18:51:16"}
{"message":"undefined - API Server Start At Port 3000","level":"info","timestamp":"2021-05-30 18:51:46"}
{"message":"undefined - API Server Start At Port 3000","level":"info","timestamp":"2021-05-30 18:52:11"}
{"message":"undefined - API Server Start At Port 3000","level":"info","timestamp":"2021-05-30 18:52:16"}
{"message":"undefined - API Server Start At Port 3000","level":"info","timestamp":"2021-05-30 18:52:32"}
{"message":"undefined - API Server Start At Port 3000","level":"info","timestamp":"2021-05-30 18:53:06"}
{"message":"undefined - API Server Start At Port 3000","level":"info","timestamp":"2021-05-30 18:53:34"}
{"message":"undefined - API Server Start At Port 3000","level":"info","timestamp":"2021-05-30 18:53:40"}
{"message":"undefined - API Server Start At Port 3000","level":"info","timestamp":"2021-05-30 18:53:46"}
{"message":"App - insertSearch Service error\n: Cannot read property '0' of undefined","level":"error","timestamp":"2021-05-30 18:54:04"}
{"message":"undefined - API Server Start At Port 3000","level":"info","timestamp":"2021-05-30 18:54:46"}
{"message":"App - insertSearch Service error\n: You can't specify target table 'SearchTB' for update in FROM clause","level":"error","timestamp":"2021-05-30 18:54:47"}
{"message":"undefined - API Server Start At Port 3000","level":"info","timestamp":"2021-05-30 18:56:03"}
{"message":"undefined - API Server Start At Port 3000","level":"info","timestamp":"2021-05-30 18:56:29"}
{"message":"App - insertSearch Service error\n: You can't specify target table 'SearchTB' for update in FROM clause","level":"error","timestamp":"2021-05-30 18:56:30"}
{"message":"undefined - API Server Start At Port 3000","level":"info","timestamp":"2021-05-30 18:57:19"}
{"message":"undefined - API Server Start At Port 3000","level":"info","timestamp":"2021-05-30 18:57:23"}
{"message":"undefined - API Server Start At Port 3000","level":"info","timestamp":"2021-05-30 18:57:27"}
{"message":"undefined - API Server Start At Port 3000","level":"info","timestamp":"2021-05-30 18:57:44"}
{"message":"App - insertSearch Service error\n: You can't specify target table 'SearchTB' for update in FROM clause","level":"error","timestamp":"2021-05-30 18:57:46"}
{"message":"undefined - API Server Start At Port 3000","level":"info","timestamp":"2021-05-30 18:57:57"}
{"message":"undefined - API Server Start At Port 3000","level":"info","timestamp":"2021-05-30 18:59:20"}
{"message":"undefined - API Server Start At Port 3000","level":"info","timestamp":"2021-05-30 18:59:23"}
{"message":"App - insertSearch Service error\n: You can't specify target table 'SearchTB' for update in FROM clause","level":"error","timestamp":"2021-05-30 18:59:34"}
{"message":"undefined - API Server Start At Port 3000","level":"info","timestamp":"2021-05-30 19:00:31"}
{"message":"undefined - API Server Start At Port 3000","level":"info","timestamp":"2021-05-30 19:00:35"}
{"message":"App - insertSearch Service error\n: You can't specify target table 'SearchTB' for update in FROM clause","level":"error","timestamp":"2021-05-30 19:00:36"}
{"message":"undefined - API Server Start At Port 3000","level":"info","timestamp":"2021-05-30 19:01:19"}
{"message":"App - insertSearch Service error\n: You can't specify target table 'SearchTB' for update in FROM clause","level":"error","timestamp":"2021-05-30 19:01:21"}
{"message":"undefined - API Server Start At Port 3000","level":"info","timestamp":"2021-05-30 19:01:35"}
{"message":"App - insertSearch Service error\n: You can't specify target table 'SearchTB' for update in FROM clause","level":"error","timestamp":"2021-05-30 19:03:03"}
{"message":"undefined - API Server Start At Port 3000","level":"info","timestamp":"2021-05-30 19:03:19"}
{"message":"undefined - API Server Start At Port 3000","level":"info","timestamp":"2021-05-30 19:03:30"}
{"message":"undefined - API Server Start At Port 3000","level":"info","timestamp":"2021-05-30 19:03:38"}
{"message":"App - insertSearch Service error\n: You can't specify target table 'SearchTB' for update in FROM clause","level":"error","timestamp":"2021-05-30 19:03:41"}
{"message":"undefined - API Server Start At Port 3000","level":"info","timestamp":"2021-05-30 19:03:59"}
{"message":"App - insertSearch Service error\n: You can't specify target table 'SearchTB' for update in FROM clause","level":"error","timestamp":"2021-05-30 19:04:01"}
{"message":"undefined - API Server Start At Port 3000","level":"info","timestamp":"2021-05-30 19:04:23"}
{"message":"undefined - API Server Start At Port 3000","level":"info","timestamp":"2021-05-30 19:04:28"}
{"message":"App - insertSearch Service error\n: You can't specify target table 'SearchTB' for update in FROM clause","level":"error","timestamp":"2021-05-30 19:04:29"}
{"message":"App - insertSearch Service error\n: You can't specify target table 'SearchTB' for update in FROM clause","level":"error","timestamp":"2021-05-30 19:07:18"}
{"message":"undefined - API Server Start At Port 3000","level":"info","timestamp":"2021-05-30 19:08:05"}
{"message":"App - insertSearch Service error\n: You can't specify target table 'SearchTB' for update in FROM clause","level":"error","timestamp":"2021-05-30 19:08:06"}
{"message":"undefined - API Server Start At Port 3000","level":"info","timestamp":"2021-05-30 19:10:25"}
{"message":"undefined - API Server Start At Port 3000","level":"info","timestamp":"2021-05-30 20:59:40"}
{"message":"App - insertSearch Service error\n: Cannot read property 'info' of undefined","level":"error","timestamp":"2021-05-30 21:00:11"}
{"message":"undefined - API Server Start At Port 3000","level":"info","timestamp":"2021-05-30 21:01:11"}
{"message":"undefined - API Server Start At Port 3000","level":"info","timestamp":"2021-05-30 21:02:38"}
{"message":"undefined - API Server Start At Port 3000","level":"info","timestamp":"2021-05-30 21:02:51"}
{"message":"undefined - API Server Start At Port 3000","level":"info","timestamp":"2021-05-30 21:03:02"}
{"message":"undefined - API Server Start At Port 3000","level":"info","timestamp":"2021-05-30 21:03:04"}
{"message":"undefined - API Server Start At Port 3000","level":"info","timestamp":"2021-05-30 21:03:08"}
{"message":"App - insertSearch Service error\n: Cannot read property 'insertId' of undefined","level":"error","timestamp":"2021-05-30 21:03:09"}
{"message":"undefined - API Server Start At Port 3000","level":"info","timestamp":"2021-05-30 21:03:31"}
{"message":"undefined - API Server Start At Port 3000","level":"info","timestamp":"2021-05-30 23:45:51"}
{"message":"undefined - API Server Start At Port 3000","level":"info","timestamp":"2021-05-30 23:46:00"}
{"message":"undefined - API Server Start At Port 3000","level":"info","timestamp":"2021-05-30 23:46:07"}
{"message":"undefined - API Server Start At Port 3000","level":"info","timestamp":"2021-05-30 23:46:11"}
{"message":"undefined - API Server Start At Port 3000","level":"info","timestamp":"2021-05-30 23:46:16"}
{"message":"undefined - API Server Start At Port 3000","level":"info","timestamp":"2021-05-30 23:46:21"}
{"message":"undefined - API Server Start At Port 3000","level":"info","timestamp":"2021-05-30 14:02:06"}
{"message":"undefined - API Server Start At Port 3000","level":"info","timestamp":"2021-05-30 14:07:08"}
{"message":"undefined - API Server Start At Port 3000","level":"info","timestamp":"2021-05-30 14:14:40"}
{"message":"undefined - API Server Start At Port 3000","level":"info","timestamp":"2021-05-30 14:33:43"}
{"message":"undefined - API Server Start At Port 3000","level":"info","timestamp":"2021-05-30 14:35:51"}
{"message":"undefined - API Server Start At Port 3000","level":"info","timestamp":"2021-05-30 14:37:00"}
{"message":"undefined - API Server Start At Port 3000","level":"info","timestamp":"2021-05-30 14:38:20"}
{"message":"undefined - API Server Start At Port 3000","level":"info","timestamp":"2021-05-30 14:38:54"}
{"message":"undefined - API Server Start At Port 3000","level":"info","timestamp":"2021-05-30 14:41:00"}
{"message":"undefined - API Server Start At Port 3000","level":"info","timestamp":"2021-05-30 14:42:14"}
{"message":"undefined - API Server Start At Port 3000","level":"info","timestamp":"2021-05-30 14:43:07"}
{"message":"undefined - API Server Start At Port 3000","level":"info","timestamp":"2021-05-30 14:45:45"}
{"message":"undefined - API Server Start At Port 3000","level":"info","timestamp":"2021-05-30 14:46:19"}
{"message":"undefined - API Server Start At Port 3000","level":"info","timestamp":"2021-05-30 15:53:57"}
{"message":"undefined - API Server Start At Port 3000","level":"info","timestamp":"2021-05-30 15:55:31"}
{"message":"undefined - API Server Start At Port 3000","level":"info","timestamp":"2021-05-30 15:57:23"}
{"message":"undefined - API Server Start At Port 3000","level":"info","timestamp":"2021-05-30 15:57:40"}
{"message":"undefined - API Server Start At Port 3000","level":"info","timestamp":"2021-05-30 16:03:50"}
{"message":"undefined - API Server Start At Port 3000","level":"info","timestamp":"2021-05-30 16:05:28"}
{"message":"App - EmailVerify Service error\n: connection is not defined","level":"error","timestamp":"2021-05-30 16:05:46"}
{"message":"undefined - API Server Start At Port 3000","level":"info","timestamp":"2021-05-30 16:06:39"}
{"message":"App - EmailVerify Service error\n: email is not defined","level":"error","timestamp":"2021-05-30 16:06:56"}
{"message":"undefined - API Server Start At Port 3000","level":"info","timestamp":"2021-05-30 16:07:20"}
{"message":"undefined - API Server Start At Port 3000","level":"info","timestamp":"2021-05-30 16:07:56"}
{"message":"undefined - API Server Start At Port 3000","level":"info","timestamp":"2021-05-30 16:08:38"}
{"message":"undefined - API Server Start At Port 3000","level":"info","timestamp":"2021-05-30 16:10:45"}
{"message":"undefined - API Server Start At Port 3000","level":"info","timestamp":"2021-05-30 16:12:24"}
{"message":"undefined - API Server Start At Port 3000","level":"info","timestamp":"2021-05-30 16:14:36"}
{"message":"undefined - API Server Start At Port 3000","level":"info","timestamp":"2021-05-30 16:15:29"}
{"message":"undefined - API Server Start At Port 3000","level":"info","timestamp":"2021-05-30 16:17:06"}
{"message":"undefined - API Server Start At Port 3000","level":"info","timestamp":"2021-05-30 16:18:26"}
{"message":"undefined - API Server Start At Port 3000","level":"info","timestamp":"2021-05-30 16:23:35"}
{"message":"undefined - API Server Start At Port 3000","level":"info","timestamp":"2021-05-30 16:24:58"}
{"message":"undefined - API Server Start At Port 3000","level":"info","timestamp":"2021-05-30 16:26:43"}
{"message":"App - PhoneVerify Service error\n: userProvider.phoneCheck is not a function","level":"error","timestamp":"2021-05-30 16:26:45"}
{"message":"undefined - API Server Start At Port 3000","level":"info","timestamp":"2021-05-30 16:27:31"}
{"message":"undefined - API Server Start At Port 3000","level":"info","timestamp":"2021-05-30 16:28:19"}
{"message":"undefined - API Server Start At Port 3000","level":"info","timestamp":"2021-05-30 16:41:13"}
{"message":"undefined - API Server Start At Port 3000","level":"info","timestamp":"2021-05-30 16:42:26"}
{"message":"undefined - API Server Start At Port 3000","level":"info","timestamp":"2021-05-30 16:42:35"}
{"message":"undefined - API Server Start At Port 3000","level":"info","timestamp":"2021-05-30 17:06:32"}
{"message":"undefined - API Server Start At Port 3000","level":"info","timestamp":"2021-05-30 17:07:34"}
{"message":"undefined - API Server Start At Port 3000","level":"info","timestamp":"2021-05-30 17:08:32"}
{"message":"undefined - API Server Start At Port 3000","level":"info","timestamp":"2021-05-30 17:26:24"}
{"message":"undefined - API Server Start At Port 3000","level":"info","timestamp":"2021-05-30 17:27:07"}
{"message":"undefined - API Server Start At Port 3000","level":"info","timestamp":"2021-05-30 17:27:38"}
{"message":"undefined - API Server Start At Port 3000","level":"info","timestamp":"2021-05-30 17:28:13"}
{"message":"undefined - API Server Start At Port 3000","level":"info","timestamp":"2021-05-30 17:28:30"}
{"message":"undefined - API Server Start At Port 3000","level":"info","timestamp":"2021-05-30 17:29:06"}
{"message":"undefined - API Server Start At Port 3000","level":"info","timestamp":"2021-05-30 17:30:54"}
{"message":"undefined - API Server Start At Port 3000","level":"info","timestamp":"2021-05-30 17:54:43"}
{"message":"undefined - API Server Start At Port 3000","level":"info","timestamp":"2021-05-30 19:34:20"}
{"message":"undefined - API Server Start At Port 3000","level":"info","timestamp":"2021-05-30 19:42:10"}
{"message":"undefined - API Server Start At Port 3000","level":"info","timestamp":"2021-05-30 19:46:19"}
{"message":"undefined - API Server Start At Port 3000","level":"info","timestamp":"2021-05-30 19:50:02"}
{"message":"undefined - API Server Start At Port 3000","level":"info","timestamp":"2021-05-30 19:51:45"}
{"message":"undefined - API Server Start At Port 3000","level":"info","timestamp":"2021-05-30 19:54:48"}
{"message":"undefined - API Server Start At Port 3000","level":"info","timestamp":"2021-05-30 20:06:38"}
{"message":"undefined - API Server Start At Port 3000","level":"info","timestamp":"2021-05-30 20:54:40"}
{"message":"undefined - API Server Start At Port 3000","level":"info","timestamp":"2021-05-30 21:19:28"}
{"message":"undefined - API Server Start At Port 3000","level":"info","timestamp":"2021-05-30 21:22:19"}
{"message":"undefined - API Server Start At Port 3000","level":"info","timestamp":"2021-05-30 21:27:14"}
{"message":"undefined - API Server Start At Port 3000","level":"info","timestamp":"2021-05-30 21:56:11"}
{"message":"undefined - API Server Start At Port 3000","level":"info","timestamp":"2021-05-30 21:58:14"}
{"message":"undefined - API Server Start At Port 3000","level":"info","timestamp":"2021-05-30 22:00:31"}
{"message":"undefined - API Server Start At Port 3000","level":"info","timestamp":"2021-05-30 22:01:04"}
{"message":"undefined - API Server Start At Port 3000","level":"info","timestamp":"2021-05-30 22:02:25"}
{"message":"undefined - API Server Start At Port 3000","level":"info","timestamp":"2021-05-30 22:10:34"}
{"message":"undefined - API Server Start At Port 3000","level":"info","timestamp":"2021-05-30 22:11:08"}
{"message":"undefined - API Server Start At Port 3000","level":"info","timestamp":"2021-05-30 22:14:36"}
{"message":"undefined - API Server Start At Port 3000","level":"info","timestamp":"2021-05-30 22:20:08"}
{"message":"undefined - API Server Start At Port 3000","level":"info","timestamp":"2021-05-30 22:22:19"}
{"message":"undefined - API Server Start At Port 3000","level":"info","timestamp":"2021-05-30 22:23:53"}
{"message":"undefined - API Server Start At Port 3000","level":"info","timestamp":"2021-05-30 22:24:38"}
{"message":"undefined - API Server Start At Port 3000","level":"info","timestamp":"2021-05-30 22:25:56"}
{"message":"undefined - API Server Start At Port 3000","level":"info","timestamp":"2021-05-30 22:27:18"}
{"message":"undefined - API Server Start At Port 3000","level":"info","timestamp":"2021-05-30 22:28:16"}
{"message":"undefined - API Server Start At Port 3000","level":"info","timestamp":"2021-05-30 22:28:28"}
{"message":"undefined - API Server Start At Port 3000","level":"info","timestamp":"2021-05-30 22:30:41"}
{"message":"undefined - API Server Start At Port 3000","level":"info","timestamp":"2021-05-30 22:32:05"}
{"message":"undefined - API Server Start At Port 3000","level":"info","timestamp":"2021-05-30 22:33:04"}
{"message":"undefined - API Server Start At Port 3000","level":"info","timestamp":"2021-05-30 22:34:49"}
{"message":"undefined - API Server Start At Port 3000","level":"info","timestamp":"2021-05-30 22:42:12"}
{"message":"undefined - API Server Start At Port 3000","level":"info","timestamp":"2021-05-30 22:43:17"}
{"message":"undefined - API Server Start At Port 3000","level":"info","timestamp":"2021-05-30 23:34:02"}
{"message":"App - createUser Service error\n: userDao.insertSocialUser is not a function","level":"error","timestamp":"2021-05-30 23:34:21"}
{"message":"undefined - API Server Start At Port 3000","level":"info","timestamp":"2021-05-30 23:34:52"}
{"message":"undefined - API Server Start At Port 3000","level":"info","timestamp":"2021-05-30 23:36:10"}
